#
# There is insufficient memory for the Java Runtime Environment to continue.
# Native memory allocation (malloc) failed to allocate 671856 bytes for Chunk::new
# Possible reasons:
#   The system is out of physical RAM or swap space
#   The process is running with CompressedOops enabled, and the Java Heap may be blocking the growth of the native heap
# Possible solutions:
#   Reduce memory load on the system
#   Increase physical memory or swap space
#   Check if swap backing store is full
#   Decrease Java heap size (-Xmx/-Xms)
#   Decrease number of Java threads
#   Decrease Java thread stack sizes (-Xss)
#   Set larger code cache with -XX:ReservedCodeCacheSize=
#   JVM is running with Unscaled Compressed Oops mode in which the Java heap is
#     placed in the first 4GB address space. The Java Heap base address is the
#     maximum limit for the native heap growth. Please use -XX:HeapBaseMinAddress
#     to set the Java Heap base and to place the Java Heap above 4GB virtual address.
# This output file may be truncated or incomplete.
#
#  Out of Memory Error (t:/workspace/hotspot/src/share/vm/memory/allocation.cpp:372), pid=13304, tid=4112
#
# JRE version: Java(TM) SE Runtime Environment (9.0+11) (build 9.0.1+11)
# Java VM: Java HotSpot(TM) 64-Bit Server VM (9.0.1+11, mixed mode, tiered, compressed oops, g1 gc, windows-amd64)
# No core dump will be written. Minidumps are not enabled by default on client versions of Windows
#

---------------  S U M M A R Y ------------

Command Line: -ea -Didea.test.cyclic.buffer.size=1048576 -javaagent:C:\Program Files\JetBrains\IntelliJ IDEA Community Edition 2018.1.4\lib\idea_rt.jar=56209:C:\Program Files\JetBrains\IntelliJ IDEA Community Edition 2018.1.4\bin -Dfile.encoding=UTF-8 com.intellij.rt.execution.junit.JUnitStarter -ideVersion5 -junit4 com.harriague.automate.web.steps.Controls

Host: Intel(R) Core(TM) i7-3770 CPU @ 3.40GHz, 8 cores, 7G,  Windows 10 , 64 bit Build 17134 (10.0.17134.1)
Time: Wed May 23 17:58:49 2018 Hora estándar de Argentina elapsed time: 68 seconds (0d 0h 1m 8s)

---------------  T H R E A D  ---------------

Current thread (0x00000141e75d2000):  JavaThread "C2 CompilerThread0" daemon [_thread_in_native, id=4112, stack(0x000000410d100000,0x000000410d200000)]


Current CompileTask:
C2:  68140 5136       4       java.lang.Class::getMethodsRecursive (99 bytes)

Stack: [0x000000410d100000,0x000000410d200000]
Native frames: (J=compiled Java code, j=interpreted, Vv=VM code, C=native code)
V  [jvm.dll+0x5870b8]
V  [jvm.dll+0x69c0ee]
V  [jvm.dll+0x69d00a]
V  [jvm.dll+0x69d643]
V  [jvm.dll+0x21d148]
V  [jvm.dll+0xa7c6c]
V  [jvm.dll+0xa85ac]
V  [jvm.dll+0x320ef5]
V  [jvm.dll+0x2e78ca]
V  [jvm.dll+0x2e6e5a]
V  [jvm.dll+0x1e99c1]
V  [jvm.dll+0x1e8c66]
V  [jvm.dll+0x1691bb]
V  [jvm.dll+0x1f64f0]
V  [jvm.dll+0x1f5176]
V  [jvm.dll+0x66b2df]
V  [jvm.dll+0x5864e0]
C  [msvcr120.dll+0x24f7f]
C  [msvcr120.dll+0x25126]
C  [KERNEL32.DLL+0x13034]
C  [ntdll.dll+0x71551]


---------------  P R O C E S S  ---------------

Java Threads: ( => current thread )
  0x00000141e8b8e800 JavaThread "Exec Stream Pumper" daemon [_thread_in_native, id=12692, stack(0x000000410df00000,0x000000410e000000)]
  0x00000141e8b8d000 JavaThread "Exec Stream Pumper" daemon [_thread_in_native, id=12636, stack(0x000000410de00000,0x000000410df00000)]
  0x00000141e8b8f800 JavaThread "Exec Default Executor" daemon [_thread_in_native, id=12648, stack(0x000000410db00000,0x000000410dc00000)]
  0x00000141e8b91800 JavaThread "Forwarding getElementText on session d8f418e3643ea7a228b97a28a68943fe to remote" [_thread_in_native, id=12656, stack(0x000000410da00000,0x000000410db00000)]
  0x00000141e7c3e800 JavaThread "Service Thread" daemon [_thread_blocked, id=9648, stack(0x000000410d800000,0x000000410d900000)]
  0x00000141e7c3e000 JavaThread "Monitor Ctrl-Break" daemon [_thread_in_native, id=4212, stack(0x000000410d700000,0x000000410d800000)]
  0x00000141e763d000 JavaThread "Common-Cleaner" daemon [_thread_blocked, id=12568, stack(0x000000410d600000,0x000000410d700000)]
  0x00000141e75f3800 JavaThread "Sweeper thread" daemon [_thread_blocked, id=12560, stack(0x000000410d500000,0x000000410d600000)]
  0x00000141e75e2800 JavaThread "C1 CompilerThread3" daemon [_thread_blocked, id=10660, stack(0x000000410d400000,0x000000410d500000)]
  0x00000141e75e2000 JavaThread "C2 CompilerThread2" daemon [_thread_blocked, id=9756, stack(0x000000410d300000,0x000000410d400000)]
  0x00000141e75d4800 JavaThread "C2 CompilerThread1" daemon [_thread_blocked, id=13124, stack(0x000000410d200000,0x000000410d300000)]
=>0x00000141e75d2000 JavaThread "C2 CompilerThread0" daemon [_thread_in_native, id=4112, stack(0x000000410d100000,0x000000410d200000)]
  0x00000141e75cd000 JavaThread "Attach Listener" daemon [_thread_blocked, id=7240, stack(0x000000410d000000,0x000000410d100000)]
  0x00000141e75cc800 JavaThread "Signal Dispatcher" daemon [_thread_blocked, id=13208, stack(0x000000410cf00000,0x000000410d000000)]
  0x00000141e7581000 JavaThread "Finalizer" daemon [_thread_blocked, id=11636, stack(0x000000410ce00000,0x000000410cf00000)]
  0x00000141e7575800 JavaThread "Reference Handler" daemon [_thread_blocked, id=7972, stack(0x000000410cd00000,0x000000410ce00000)]
  0x00000141c397d000 JavaThread "main" [_thread_blocked, id=10532, stack(0x000000410b700000,0x000000410b800000)]

Other Threads:
  0x00000141e755e800 VMThread "VM Thread" [stack: 0x000000410cc00000,0x000000410cd00000] [id=12384]
  0x00000141e7c42800 WatcherThread [stack: 0x000000410d900000,0x000000410da00000] [id=12576]
  0x00000141c3994800 GCTaskThread "GC Thread#0" [stack: 0x000000410b800000,0x000000410b900000] [id=6216]
  0x00000141c3995800 GCTaskThread "GC Thread#1" [stack: 0x000000410b900000,0x000000410ba00000] [id=1604]
  0x00000141c3999000 GCTaskThread "GC Thread#2" [stack: 0x000000410ba00000,0x000000410bb00000] [id=2244]
  0x00000141c399b800 GCTaskThread "GC Thread#3" [stack: 0x000000410bb00000,0x000000410bc00000] [id=12972]
  0x00000141c39a7800 GCTaskThread "GC Thread#4" [stack: 0x000000410bc00000,0x000000410bd00000] [id=13252]
  0x00000141c39a8800 GCTaskThread "GC Thread#5" [stack: 0x000000410bd00000,0x000000410be00000] [id=7732]
  0x00000141c39a9000 GCTaskThread "GC Thread#6" [stack: 0x000000410be00000,0x000000410bf00000] [id=7008]
  0x00000141c39a5800 GCTaskThread "GC Thread#7" [stack: 0x000000410bf00000,0x000000410c000000] [id=10260]
  0x00000141c3a05000 ConcurrentGCThread "G1 Main Marker" [stack: 0x000000410c900000,0x000000410ca00000] [id=13272]
  0x00000141c39a6000 ConcurrentGCThread "G1 Marker#0" [stack: 0x000000410ca00000,0x000000410cb00000] [id=5988]
  0x00000141c39a6800 ConcurrentGCThread "G1 Marker#1" [stack: 0x000000410cb00000,0x000000410cc00000] [id=5724]
  0x00000141c39cc000 ConcurrentGCThread "G1 Refine#0" [stack: 0x000000410c700000,0x000000410c800000] [id=13072]
  0x00000141c39ca000 ConcurrentGCThread "G1 Refine#1" [stack: 0x000000410c600000,0x000000410c700000] [id=13036]
  0x00000141c39c8800 ConcurrentGCThread "G1 Refine#2" [stack: 0x000000410c500000,0x000000410c600000] [id=13048]
  0x00000141c39cd000 ConcurrentGCThread "G1 Refine#3" [stack: 0x000000410c400000,0x000000410c500000] [id=13076]
  0x00000141c39c9800 ConcurrentGCThread "G1 Refine#4" [stack: 0x000000410c300000,0x000000410c400000] [id=13080]
  0x00000141c39cc800 ConcurrentGCThread "G1 Refine#5" [stack: 0x000000410c200000,0x000000410c300000] [id=3744]
  0x00000141c39c3800 ConcurrentGCThread "G1 Refine#6" [stack: 0x000000410c100000,0x000000410c200000] [id=13108]
  0x00000141c39ba800 ConcurrentGCThread "G1 Refine#7" [stack: 0x000000410c000000,0x000000410c100000] [id=2200]
  0x00000141c39d9000 ConcurrentGCThread "G1 Young RemSet Sampling" [stack: 0x000000410c800000,0x000000410c900000] [id=11248]

Threads with active compile tasks:
C2 CompilerThread05136       4       java.lang.Class::getMethodsRecursive (99 bytes)

VM state:not at safepoint (normal execution)

VM Mutex/Monitor currently owned by a thread: None

Heap address: 0x0000000083000000, size: 2000 MB, Compressed Oops mode: 32-bit
Narrow klass base: 0x0000000000000000, Narrow klass shift: 3
Compressed class space size: 1073741824 Address: 0x0000000100000000

Heap:
 garbage-first heap   total 155648K, used 36134K [0x0000000083000000, 0x00000000831004c0, 0x0000000100000000)
  region size 1024K, 22 young (22528K), 7 survivors (7168K)
 Metaspace       used 34899K, capacity 35832K, committed 35920K, reserved 1081344K
  class space    used 3970K, capacity 4196K, committed 4224K, reserved 1048576K
Heap Regions: E=young(eden), S=young(survivor), O=old, HS=humongous(starts), HC=humongous(continues), CS=collection set, F=free, A=archive, TS=gc time stamp, AC=allocation context, TAMS=top-at-mark-start (previous, next)
|   0|0x0000000083000000, 0x0000000083100000, 0x0000000083100000|100%|HS|  |TS  0|AC  0|TAMS 0x0000000083100000, 0x0000000083100000|
|   1|0x0000000083100000, 0x0000000083200000, 0x0000000083200000|100%| O|  |TS  0|AC  0|TAMS 0x0000000083200000, 0x0000000083200000|
|   2|0x0000000083200000, 0x0000000083300000, 0x0000000083300000|100%| O|  |TS  0|AC  0|TAMS 0x0000000083300000, 0x0000000083300000|
|   3|0x0000000083300000, 0x0000000083400000, 0x0000000083400000|100%| O|  |TS  0|AC  0|TAMS 0x0000000083400000, 0x0000000083400000|
|   4|0x0000000083400000, 0x0000000083500000, 0x0000000083500000|100%| O|  |TS  0|AC  0|TAMS 0x0000000083500000, 0x0000000083500000|
|   5|0x0000000083500000, 0x0000000083600000, 0x0000000083600000|100%| O|  |TS  0|AC  0|TAMS 0x0000000083600000, 0x0000000083600000|
|   6|0x0000000083600000, 0x0000000083700000, 0x0000000083700000|100%| O|  |TS  0|AC  0|TAMS 0x0000000083700000, 0x0000000083700000|
|   7|0x0000000083700000, 0x0000000083800000, 0x0000000083800000|100%| O|  |TS  0|AC  0|TAMS 0x0000000083800000, 0x0000000083800000|
|   8|0x0000000083800000, 0x0000000083900000, 0x0000000083900000|100%| O|  |TS  0|AC  0|TAMS 0x0000000083900000, 0x0000000083900000|
|   9|0x0000000083900000, 0x0000000083a00000, 0x0000000083a00000|100%| O|  |TS  0|AC  0|TAMS 0x0000000083a00000, 0x0000000083a00000|
|  10|0x0000000083a00000, 0x0000000083b00000, 0x0000000083b00000|100%| O|  |TS  3|AC  0|TAMS 0x0000000083a27000, 0x0000000083a27000|
|  11|0x0000000083b00000, 0x0000000083c00000, 0x0000000083c00000|100%| O|  |TS  3|AC  0|TAMS 0x0000000083b00000, 0x0000000083b00000|
|  12|0x0000000083c00000, 0x0000000083d00000, 0x0000000083d00000|100%| O|  |TS  3|AC  0|TAMS 0x0000000083c00000, 0x0000000083c00000|
|  13|0x0000000083d00000, 0x0000000083e00000, 0x0000000083e00000|100%| O|  |TS  3|AC  0|TAMS 0x0000000083d00000, 0x0000000083d00000|
|  14|0x0000000083e00000, 0x0000000083e64c00, 0x0000000083f00000| 39%| O|  |TS  3|AC  0|TAMS 0x0000000083e00000, 0x0000000083e00000|
|  15|0x0000000083f00000, 0x0000000083f00000, 0x0000000084000000|  0%| F|  |TS  0|AC  0|TAMS 0x0000000083f00000, 0x0000000083f00000|
|  16|0x0000000084000000, 0x0000000084000000, 0x0000000084100000|  0%| F|  |TS  0|AC  0|TAMS 0x0000000084000000, 0x0000000084000000|
|  17|0x0000000084100000, 0x0000000084100000, 0x0000000084200000|  0%| F|  |TS  0|AC  0|TAMS 0x0000000084100000, 0x0000000084100000|
|  18|0x0000000084200000, 0x0000000084200000, 0x0000000084300000|  0%| F|  |TS  0|AC  0|TAMS 0x0000000084200000, 0x0000000084200000|
|  19|0x0000000084300000, 0x0000000084300000, 0x0000000084400000|  0%| F|  |TS  0|AC  0|TAMS 0x0000000084300000, 0x0000000084300000|
|  20|0x0000000084400000, 0x0000000084400000, 0x0000000084500000|  0%| F|  |TS  0|AC  0|TAMS 0x0000000084400000, 0x0000000084400000|
|  21|0x0000000084500000, 0x0000000084500000, 0x0000000084600000|  0%| F|  |TS  0|AC  0|TAMS 0x0000000084500000, 0x0000000084500000|
|  22|0x0000000084600000, 0x0000000084600000, 0x0000000084700000|  0%| F|  |TS  0|AC  0|TAMS 0x0000000084600000, 0x0000000084600000|
|  23|0x0000000084700000, 0x0000000084700000, 0x0000000084800000|  0%| F|  |TS  0|AC  0|TAMS 0x0000000084700000, 0x0000000084700000|
|  24|0x0000000084800000, 0x0000000084800000, 0x0000000084900000|  0%| F|  |TS  0|AC  0|TAMS 0x0000000084800000, 0x0000000084800000|
|  25|0x0000000084900000, 0x0000000084900000, 0x0000000084a00000|  0%| F|  |TS  0|AC  0|TAMS 0x0000000084900000, 0x0000000084900000|
|  26|0x0000000084a00000, 0x0000000084a00000, 0x0000000084b00000|  0%| F|  |TS  0|AC  0|TAMS 0x0000000084a00000, 0x0000000084a00000|
|  27|0x0000000084b00000, 0x0000000084b00000, 0x0000000084c00000|  0%| F|  |TS  0|AC  0|TAMS 0x0000000084b00000, 0x0000000084b00000|
|  28|0x0000000084c00000, 0x0000000084c00000, 0x0000000084d00000|  0%| F|  |TS  0|AC  0|TAMS 0x0000000084c00000, 0x0000000084c00000|
|  29|0x0000000084d00000, 0x0000000084d00000, 0x0000000084e00000|  0%| F|  |TS  0|AC  0|TAMS 0x0000000084d00000, 0x0000000084d00000|
|  30|0x0000000084e00000, 0x0000000084e00000, 0x0000000084f00000|  0%| F|  |TS  0|AC  0|TAMS 0x0000000084e00000, 0x0000000084e00000|
|  31|0x0000000084f00000, 0x0000000084f00000, 0x0000000085000000|  0%| F|  |TS  0|AC  0|TAMS 0x0000000084f00000, 0x0000000084f00000|
|  32|0x0000000085000000, 0x0000000085000000, 0x0000000085100000|  0%| F|  |TS  0|AC  0|TAMS 0x0000000085000000, 0x0000000085000000|
|  33|0x0000000085100000, 0x0000000085100000, 0x0000000085200000|  0%| F|  |TS  0|AC  0|TAMS 0x0000000085100000, 0x0000000085100000|
|  34|0x0000000085200000, 0x0000000085200000, 0x0000000085300000|  0%| F|  |TS  0|AC  0|TAMS 0x0000000085200000, 0x0000000085200000|
|  35|0x0000000085300000, 0x0000000085300000, 0x0000000085400000|  0%| F|  |TS  0|AC  0|TAMS 0x0000000085300000, 0x0000000085300000|
|  36|0x0000000085400000, 0x0000000085400000, 0x0000000085500000|  0%| F|  |TS  0|AC  0|TAMS 0x0000000085400000, 0x0000000085400000|
|  37|0x0000000085500000, 0x0000000085500000, 0x0000000085600000|  0%| F|  |TS  0|AC  0|TAMS 0x0000000085500000, 0x0000000085500000|
|  38|0x0000000085600000, 0x0000000085600000, 0x0000000085700000|  0%| F|  |TS  0|AC  0|TAMS 0x0000000085600000, 0x0000000085600000|
|  39|0x0000000085700000, 0x0000000085700000, 0x0000000085800000|  0%| F|  |TS  0|AC  0|TAMS 0x0000000085700000, 0x0000000085700000|
|  40|0x0000000085800000, 0x0000000085800000, 0x0000000085900000|  0%| F|  |TS  0|AC  0|TAMS 0x0000000085800000, 0x0000000085800000|
|  41|0x0000000085900000, 0x0000000085900000, 0x0000000085a00000|  0%| F|  |TS  0|AC  0|TAMS 0x0000000085900000, 0x0000000085900000|
|  42|0x0000000085a00000, 0x0000000085a00000, 0x0000000085b00000|  0%| F|  |TS  0|AC  0|TAMS 0x0000000085a00000, 0x0000000085a00000|
|  43|0x0000000085b00000, 0x0000000085b00000, 0x0000000085c00000|  0%| F|  |TS  0|AC  0|TAMS 0x0000000085b00000, 0x0000000085b00000|
|  44|0x0000000085c00000, 0x0000000085c00000, 0x0000000085d00000|  0%| F|  |TS  0|AC  0|TAMS 0x0000000085c00000, 0x0000000085c00000|
|  45|0x0000000085d00000, 0x0000000085d00000, 0x0000000085e00000|  0%| F|  |TS  0|AC  0|TAMS 0x0000000085d00000, 0x0000000085d00000|
|  46|0x0000000085e00000, 0x0000000085e00000, 0x0000000085f00000|  0%| F|  |TS  0|AC  0|TAMS 0x0000000085e00000, 0x0000000085e00000|
|  47|0x0000000085f00000, 0x0000000085f00000, 0x0000000086000000|  0%| F|  |TS  0|AC  0|TAMS 0x0000000085f00000, 0x0000000085f00000|
|  48|0x0000000086000000, 0x0000000086000000, 0x0000000086100000|  0%| F|  |TS  0|AC  0|TAMS 0x0000000086000000, 0x0000000086000000|
|  49|0x0000000086100000, 0x0000000086100000, 0x0000000086200000|  0%| F|  |TS  0|AC  0|TAMS 0x0000000086100000, 0x0000000086100000|
|  50|0x0000000086200000, 0x0000000086200000, 0x0000000086300000|  0%| F|  |TS  0|AC  0|TAMS 0x0000000086200000, 0x0000000086200000|
|  51|0x0000000086300000, 0x0000000086300000, 0x0000000086400000|  0%| F|  |TS  0|AC  0|TAMS 0x0000000086300000, 0x0000000086300000|
|  52|0x0000000086400000, 0x0000000086400000, 0x0000000086500000|  0%| F|  |TS  3|AC  0|TAMS 0x0000000086400000, 0x0000000086400000|
|  53|0x0000000086500000, 0x0000000086500000, 0x0000000086600000|  0%| F|  |TS  3|AC  0|TAMS 0x0000000086500000, 0x0000000086500000|
|  54|0x0000000086600000, 0x0000000086600000, 0x0000000086700000|  0%| F|  |TS  3|AC  0|TAMS 0x0000000086600000, 0x0000000086600000|
|  55|0x0000000086700000, 0x0000000086700000, 0x0000000086800000|  0%| F|  |TS  3|AC  0|TAMS 0x0000000086700000, 0x0000000086700000|
|  56|0x0000000086800000, 0x0000000086800000, 0x0000000086900000|  0%| F|  |TS  3|AC  0|TAMS 0x0000000086800000, 0x0000000086800000|
|  57|0x0000000086900000, 0x0000000086900000, 0x0000000086a00000|  0%| F|  |TS  3|AC  0|TAMS 0x0000000086900000, 0x0000000086900000|
|  58|0x0000000086a00000, 0x0000000086a00000, 0x0000000086b00000|  0%| F|  |TS  3|AC  0|TAMS 0x0000000086a00000, 0x0000000086a00000|
|  59|0x0000000086b00000, 0x0000000086b00000, 0x0000000086c00000|  0%| F|  |TS  3|AC  0|TAMS 0x0000000086b00000, 0x0000000086b00000|
|  60|0x0000000086c00000, 0x0000000086c00000, 0x0000000086d00000|  0%| F|  |TS  3|AC  0|TAMS 0x0000000086c00000, 0x0000000086c00000|
|  61|0x0000000086d00000, 0x0000000086d00000, 0x0000000086e00000|  0%| F|  |TS  1|AC  0|TAMS 0x0000000086d00000, 0x0000000086d00000|
|  62|0x0000000086e00000, 0x0000000086e00000, 0x0000000086f00000|  0%| F|  |TS  1|AC  0|TAMS 0x0000000086e00000, 0x0000000086e00000|
|  63|0x0000000086f00000, 0x0000000086fe4ff0, 0x0000000087000000| 89%| S|CS|TS  3|AC  0|TAMS 0x0000000086f00000, 0x0000000086f00000|
|  64|0x0000000087000000, 0x0000000087100000, 0x0000000087100000|100%| S|CS|TS  3|AC  0|TAMS 0x0000000087000000, 0x0000000087000000|
|  65|0x0000000087100000, 0x0000000087200000, 0x0000000087200000|100%| S|CS|TS  3|AC  0|TAMS 0x0000000087100000, 0x0000000087100000|
|  66|0x0000000087200000, 0x0000000087300000, 0x0000000087300000|100%| S|CS|TS  3|AC  0|TAMS 0x0000000087200000, 0x0000000087200000|
|  67|0x0000000087300000, 0x0000000087400000, 0x0000000087400000|100%| S|CS|TS  3|AC  0|TAMS 0x0000000087300000, 0x0000000087300000|
|  68|0x0000000087400000, 0x0000000087500000, 0x0000000087500000|100%| S|CS|TS  3|AC  0|TAMS 0x0000000087400000, 0x0000000087400000|
|  69|0x0000000087500000, 0x0000000087600000, 0x0000000087600000|100%| S|CS|TS  3|AC  0|TAMS 0x0000000087500000, 0x0000000087500000|
|  70|0x0000000087600000, 0x0000000087600000, 0x0000000087700000|  0%| F|  |TS  3|AC  0|TAMS 0x0000000087600000, 0x0000000087600000|
|  71|0x0000000087700000, 0x0000000087700000, 0x0000000087800000|  0%| F|  |TS  3|AC  0|TAMS 0x0000000087700000, 0x0000000087700000|
|  72|0x0000000087800000, 0x0000000087800000, 0x0000000087900000|  0%| F|  |TS  3|AC  0|TAMS 0x0000000087800000, 0x0000000087800000|
|  73|0x0000000087900000, 0x0000000087900000, 0x0000000087a00000|  0%| F|  |TS  3|AC  0|TAMS 0x0000000087900000, 0x0000000087900000|
|  74|0x0000000087a00000, 0x0000000087a00000, 0x0000000087b00000|  0%| F|  |TS  3|AC  0|TAMS 0x0000000087a00000, 0x0000000087a00000|
|  75|0x0000000087b00000, 0x0000000087b00000, 0x0000000087c00000|  0%| F|  |TS  3|AC  0|TAMS 0x0000000087b00000, 0x0000000087b00000|
|  76|0x0000000087c00000, 0x0000000087c00000, 0x0000000087d00000|  0%| F|  |TS  3|AC  0|TAMS 0x0000000087c00000, 0x0000000087c00000|
|  77|0x0000000087d00000, 0x0000000087d00000, 0x0000000087e00000|  0%| F|  |TS  3|AC  0|TAMS 0x0000000087d00000, 0x0000000087d00000|
|  78|0x0000000087e00000, 0x0000000087e00000, 0x0000000087f00000|  0%| F|  |TS  3|AC  0|TAMS 0x0000000087e00000, 0x0000000087e00000|
|  79|0x0000000087f00000, 0x0000000087f00000, 0x0000000088000000|  0%| F|  |TS  3|AC  0|TAMS 0x0000000087f00000, 0x0000000087f00000|
|  80|0x0000000088000000, 0x0000000088000000, 0x0000000088100000|  0%| F|  |TS  3|AC  0|TAMS 0x0000000088000000, 0x0000000088000000|
|  81|0x0000000088100000, 0x0000000088100000, 0x0000000088200000|  0%| F|  |TS  3|AC  0|TAMS 0x0000000088100000, 0x0000000088100000|
|  82|0x0000000088200000, 0x0000000088200000, 0x0000000088300000|  0%| F|  |TS  3|AC  0|TAMS 0x0000000088200000, 0x0000000088200000|
|  83|0x0000000088300000, 0x0000000088300000, 0x0000000088400000|  0%| F|  |TS  3|AC  0|TAMS 0x0000000088300000, 0x0000000088300000|
|  84|0x0000000088400000, 0x0000000088400000, 0x0000000088500000|  0%| F|  |TS  3|AC  0|TAMS 0x0000000088400000, 0x0000000088400000|
|  85|0x0000000088500000, 0x0000000088500000, 0x0000000088600000|  0%| F|  |TS  3|AC  0|TAMS 0x0000000088500000, 0x0000000088500000|
|  86|0x0000000088600000, 0x0000000088600000, 0x0000000088700000|  0%| F|  |TS  3|AC  0|TAMS 0x0000000088600000, 0x0000000088600000|
|  87|0x0000000088700000, 0x0000000088700000, 0x0000000088800000|  0%| F|  |TS  3|AC  0|TAMS 0x0000000088700000, 0x0000000088700000|
|  88|0x0000000088800000, 0x0000000088800000, 0x0000000088900000|  0%| F|  |TS  3|AC  0|TAMS 0x0000000088800000, 0x0000000088800000|
|  89|0x0000000088900000, 0x0000000088900000, 0x0000000088a00000|  0%| F|  |TS  3|AC  0|TAMS 0x0000000088900000, 0x0000000088900000|
|  90|0x0000000088a00000, 0x0000000088a00000, 0x0000000088b00000|  0%| F|  |TS  3|AC  0|TAMS 0x0000000088a00000, 0x0000000088a00000|
|  91|0x0000000088b00000, 0x0000000088b00000, 0x0000000088c00000|  0%| F|  |TS  3|AC  0|TAMS 0x0000000088b00000, 0x0000000088b00000|
|  92|0x0000000088c00000, 0x0000000088c00000, 0x0000000088d00000|  0%| F|  |TS  3|AC  0|TAMS 0x0000000088c00000, 0x0000000088c00000|
|  93|0x0000000088d00000, 0x0000000088d00000, 0x0000000088e00000|  0%| F|  |TS  3|AC  0|TAMS 0x0000000088d00000, 0x0000000088d00000|
|  94|0x0000000088e00000, 0x0000000088e00000, 0x0000000088f00000|  0%| F|  |TS  3|AC  0|TAMS 0x0000000088e00000, 0x0000000088e00000|
|  95|0x0000000088f00000, 0x0000000088f00000, 0x0000000089000000|  0%| F|  |TS  3|AC  0|TAMS 0x0000000088f00000, 0x0000000088f00000|
|  96|0x0000000089000000, 0x0000000089000000, 0x0000000089100000|  0%| F|  |TS  3|AC  0|TAMS 0x0000000089000000, 0x0000000089000000|
|  97|0x0000000089100000, 0x0000000089100000, 0x0000000089200000|  0%| F|  |TS  3|AC  0|TAMS 0x0000000089100000, 0x0000000089100000|
|  98|0x0000000089200000, 0x0000000089200000, 0x0000000089300000|  0%| F|  |TS  3|AC  0|TAMS 0x0000000089200000, 0x0000000089200000|
|  99|0x0000000089300000, 0x0000000089300000, 0x0000000089400000|  0%| F|  |TS  3|AC  0|TAMS 0x0000000089300000, 0x0000000089300000|
| 100|0x0000000089400000, 0x0000000089400000, 0x0000000089500000|  0%| F|  |TS  3|AC  0|TAMS 0x0000000089400000, 0x0000000089400000|
| 101|0x0000000089500000, 0x0000000089500000, 0x0000000089600000|  0%| F|  |TS  3|AC  0|TAMS 0x0000000089500000, 0x0000000089500000|
| 102|0x0000000089600000, 0x0000000089600000, 0x0000000089700000|  0%| F|  |TS  3|AC  0|TAMS 0x0000000089600000, 0x0000000089600000|
| 103|0x0000000089700000, 0x0000000089700000, 0x0000000089800000|  0%| F|  |TS  3|AC  0|TAMS 0x0000000089700000, 0x0000000089700000|
| 104|0x0000000089800000, 0x0000000089800000, 0x0000000089900000|  0%| F|  |TS  3|AC  0|TAMS 0x0000000089800000, 0x0000000089800000|
| 105|0x0000000089900000, 0x0000000089900000, 0x0000000089a00000|  0%| F|  |TS  3|AC  0|TAMS 0x0000000089900000, 0x0000000089900000|
| 106|0x0000000089a00000, 0x0000000089a00000, 0x0000000089b00000|  0%| F|  |TS  3|AC  0|TAMS 0x0000000089a00000, 0x0000000089a00000|
| 107|0x0000000089b00000, 0x0000000089b00000, 0x0000000089c00000|  0%| F|  |TS  3|AC  0|TAMS 0x0000000089b00000, 0x0000000089b00000|
| 108|0x0000000089c00000, 0x0000000089c00000, 0x0000000089d00000|  0%| F|  |TS  3|AC  0|TAMS 0x0000000089c00000, 0x0000000089c00000|
| 109|0x0000000089d00000, 0x0000000089d00000, 0x0000000089e00000|  0%| F|  |TS  3|AC  0|TAMS 0x0000000089d00000, 0x0000000089d00000|
| 110|0x0000000089e00000, 0x0000000089e00000, 0x0000000089f00000|  0%| F|  |TS  3|AC  0|TAMS 0x0000000089e00000, 0x0000000089e00000|
| 111|0x0000000089f00000, 0x0000000089f00000, 0x000000008a000000|  0%| F|  |TS  3|AC  0|TAMS 0x0000000089f00000, 0x0000000089f00000|
| 112|0x000000008a000000, 0x000000008a000000, 0x000000008a100000|  0%| F|  |TS  3|AC  0|TAMS 0x000000008a000000, 0x000000008a000000|
| 113|0x000000008a100000, 0x000000008a100000, 0x000000008a200000|  0%| F|  |TS  3|AC  0|TAMS 0x000000008a100000, 0x000000008a100000|
| 114|0x000000008a200000, 0x000000008a200000, 0x000000008a300000|  0%| F|  |TS  3|AC  0|TAMS 0x000000008a200000, 0x000000008a200000|
| 115|0x000000008a300000, 0x000000008a300000, 0x000000008a400000|  0%| F|  |TS  3|AC  0|TAMS 0x000000008a300000, 0x000000008a300000|
| 116|0x000000008a400000, 0x000000008a400000, 0x000000008a500000|  0%| F|  |TS  3|AC  0|TAMS 0x000000008a400000, 0x000000008a400000|
| 117|0x000000008a500000, 0x000000008a500000, 0x000000008a600000|  0%| F|  |TS  3|AC  0|TAMS 0x000000008a500000, 0x000000008a500000|
| 118|0x000000008a600000, 0x000000008a600000, 0x000000008a700000|  0%| F|  |TS  3|AC  0|TAMS 0x000000008a600000, 0x000000008a600000|
| 119|0x000000008a700000, 0x000000008a700000, 0x000000008a800000|  0%| F|  |TS  3|AC  0|TAMS 0x000000008a700000, 0x000000008a700000|
| 120|0x000000008a800000, 0x000000008a800000, 0x000000008a900000|  0%| F|  |TS  3|AC  0|TAMS 0x000000008a800000, 0x000000008a800000|
| 121|0x000000008a900000, 0x000000008a900000, 0x000000008aa00000|  0%| F|  |TS  3|AC  0|TAMS 0x000000008a900000, 0x000000008a900000|
| 122|0x000000008aa00000, 0x000000008aa00000, 0x000000008ab00000|  0%| F|  |TS  3|AC  0|TAMS 0x000000008aa00000, 0x000000008aa00000|
| 123|0x000000008ab00000, 0x000000008ab00000, 0x000000008ac00000|  0%| F|  |TS  3|AC  0|TAMS 0x000000008ab00000, 0x000000008ab00000|
| 124|0x000000008ac00000, 0x000000008ac00000, 0x000000008ad00000|  0%| F|  |TS  3|AC  0|TAMS 0x000000008ac00000, 0x000000008ac00000|
| 125|0x000000008ad00000, 0x000000008ad00000, 0x000000008ae00000|  0%| F|  |TS  3|AC  0|TAMS 0x000000008ad00000, 0x000000008ad00000|
| 126|0x000000008ae00000, 0x000000008ae00000, 0x000000008af00000|  0%| F|  |TS  3|AC  0|TAMS 0x000000008ae00000, 0x000000008ae00000|
| 127|0x000000008af00000, 0x000000008af00000, 0x000000008b000000|  0%| F|  |TS  3|AC  0|TAMS 0x000000008af00000, 0x000000008af00000|
| 128|0x000000008b000000, 0x000000008b000000, 0x000000008b100000|  0%| F|  |TS  3|AC  0|TAMS 0x000000008b000000, 0x000000008b000000|
| 129|0x000000008b100000, 0x000000008b100000, 0x000000008b200000|  0%| F|  |TS  3|AC  0|TAMS 0x000000008b100000, 0x000000008b100000|
| 130|0x000000008b200000, 0x000000008b200000, 0x000000008b300000|  0%| F|  |TS  3|AC  0|TAMS 0x000000008b200000, 0x000000008b200000|
| 131|0x000000008b300000, 0x000000008b300000, 0x000000008b400000|  0%| F|  |TS  3|AC  0|TAMS 0x000000008b300000, 0x000000008b300000|
| 132|0x000000008b400000, 0x000000008b400000, 0x000000008b500000|  0%| F|  |TS  3|AC  0|TAMS 0x000000008b400000, 0x000000008b400000|
| 133|0x000000008b500000, 0x000000008b500000, 0x000000008b600000|  0%| F|  |TS  3|AC  0|TAMS 0x000000008b500000, 0x000000008b500000|
| 134|0x000000008b600000, 0x000000008b600000, 0x000000008b700000|  0%| F|  |TS  3|AC  0|TAMS 0x000000008b600000, 0x000000008b600000|
| 135|0x000000008b700000, 0x000000008b700000, 0x000000008b800000|  0%| F|  |TS  3|AC  0|TAMS 0x000000008b700000, 0x000000008b700000|
| 136|0x000000008b800000, 0x000000008b800000, 0x000000008b900000|  0%| F|  |TS  3|AC  0|TAMS 0x000000008b800000, 0x000000008b800000|
| 137|0x000000008b900000, 0x000000008b980800, 0x000000008ba00000| 50%| E|  |TS  3|AC  0|TAMS 0x000000008b900000, 0x000000008b900000|
| 138|0x000000008ba00000, 0x000000008bb00000, 0x000000008bb00000|100%| E|CS|TS  3|AC  0|TAMS 0x000000008ba00000, 0x000000008ba00000|
| 139|0x000000008bb00000, 0x000000008bc00000, 0x000000008bc00000|100%| E|CS|TS  3|AC  0|TAMS 0x000000008bb00000, 0x000000008bb00000|
| 140|0x000000008bc00000, 0x000000008bd00000, 0x000000008bd00000|100%| E|CS|TS  3|AC  0|TAMS 0x000000008bc00000, 0x000000008bc00000|
| 141|0x000000008bd00000, 0x000000008be00000, 0x000000008be00000|100%| E|CS|TS  3|AC  0|TAMS 0x000000008bd00000, 0x000000008bd00000|
| 142|0x000000008be00000, 0x000000008bf00000, 0x000000008bf00000|100%| E|CS|TS  3|AC  0|TAMS 0x000000008be00000, 0x000000008be00000|
| 143|0x000000008bf00000, 0x000000008c000000, 0x000000008c000000|100%| E|CS|TS  3|AC  0|TAMS 0x000000008bf00000, 0x000000008bf00000|
| 144|0x000000008c000000, 0x000000008c100000, 0x000000008c100000|100%| E|CS|TS  3|AC  0|TAMS 0x000000008c000000, 0x000000008c000000|
| 145|0x000000008c100000, 0x000000008c200000, 0x000000008c200000|100%| E|CS|TS  3|AC  0|TAMS 0x000000008c100000, 0x000000008c100000|
| 146|0x000000008c200000, 0x000000008c300000, 0x000000008c300000|100%| E|CS|TS  3|AC  0|TAMS 0x000000008c200000, 0x000000008c200000|
| 147|0x000000008c300000, 0x000000008c400000, 0x000000008c400000|100%| E|CS|TS  3|AC  0|TAMS 0x000000008c300000, 0x000000008c300000|
| 148|0x000000008c400000, 0x000000008c500000, 0x000000008c500000|100%| E|CS|TS  3|AC  0|TAMS 0x000000008c400000, 0x000000008c400000|
| 149|0x000000008c500000, 0x000000008c600000, 0x000000008c600000|100%| E|CS|TS  3|AC  0|TAMS 0x000000008c500000, 0x000000008c500000|
| 150|0x000000008c600000, 0x000000008c700000, 0x000000008c700000|100%| E|CS|TS  3|AC  0|TAMS 0x000000008c600000, 0x000000008c600000|
| 151|0x000000008c700000, 0x000000008c800000, 0x000000008c800000|100%| E|CS|TS  3|AC  0|TAMS 0x000000008c700000, 0x000000008c700000|

Card table byte_map: [0x00000141dfbe0000,0x00000141dffd0000] byte_map_base: 0x00000141df7c8000

Marking Bits (Prev, Next): (CMBitMap*) 0x00000141e4283878, (CMBitMap*) 0x00000141e4283840
 Prev Bits: [0x00000141e2300000, 0x00000141e4240000)
 Next Bits: [0x00000141e03c0000, 0x00000141e2300000)

Polling page: 0x00000141c3b30000

CodeHeap 'non-profiled nmethods': size=120000Kb used=2831Kb max_used=2831Kb free=117168Kb
 bounds [0x00000141d7560000, 0x00000141d7830000, 0x00000141dea90000]
CodeHeap 'profiled nmethods': size=120000Kb used=13448Kb max_used=13448Kb free=106551Kb
 bounds [0x00000141d0030000, 0x00000141d0d60000, 0x00000141d7560000]
CodeHeap 'non-nmethods': size=5760Kb used=1314Kb max_used=1348Kb free=4445Kb
 bounds [0x00000141cfa90000, 0x00000141cfd00000, 0x00000141d0030000]
 total_blobs=6987 nmethods=5121 adapters=430
 compilation: enabled

Compilation events (10 events):
Event: 67.879 Thread 0x00000141e75e2800 nmethod 5126 0x00000141d0d4fa90 code [0x00000141d0d4fc80, 0x00000141d0d50220]
Event: 67.890 Thread 0x00000141e75d4800 5133       4       org.apache.http.message.BasicListHeaderIterator::nextHeader (47 bytes)
Event: 67.892 Thread 0x00000141e75d4800 nmethod 5133 0x00000141d7822f10 code [0x00000141d78230c0, 0x00000141d7823308]
Event: 67.899 Thread 0x00000141e75e2800 5134       3       com.google.gson.stream.JsonReader::nextQuotedValue (196 bytes)
Event: 67.900 Thread 0x00000141e75e2800 nmethod 5134 0x00000141d0d50410 code [0x00000141d0d50740, 0x00000141d0d51bd0]
Event: 67.960 Thread 0x00000141e75e2000 5135       4       java.lang.StringBuffer::<init> (7 bytes)
Event: 67.962 Thread 0x00000141e75e2000 nmethod 5135 0x00000141d7823590 code [0x00000141d7823720, 0x00000141d78238d8]
Event: 68.089 Thread 0x00000141e75d2000 5136       4       java.lang.Class::getMethodsRecursive (99 bytes)
Event: 68.089 Thread 0x00000141e75d4800 5137       4       java.util.Locale::hashCode (41 bytes)
Event: 68.090 Thread 0x00000141e75d4800 nmethod 5137 0x00000141d7823990 code [0x00000141d7823b20, 0x00000141d7823be8]

GC Heap History (10 events):
Event: 1.944 GC heap before
{Heap before GC invocations=2 (full 0):
 garbage-first heap   total 129024K, used 53008K [0x0000000083000000, 0x00000000831003f0, 0x0000000100000000)
  region size 1024K, 44 young (45056K), 2 survivors (2048K)
 Metaspace       used 17093K, capacity 17632K, committed 17920K, reserved 1064960K
  class space    used 1900K, capacity 2018K, committed 2048K, reserved 1048576K
}
Event: 1.949 GC heap after
{Heap after GC invocations=3 (full 0):
 garbage-first heap   total 129024K, used 14340K [0x0000000083000000, 0x00000000831003f0, 0x0000000100000000)
  region size 1024K, 6 young (6144K), 6 survivors (6144K)
 Metaspace       used 17093K, capacity 17632K, committed 17920K, reserved 1064960K
  class space    used 1900K, capacity 2018K, committed 2048K, reserved 1048576K
}
Event: 2.665 GC heap before
{Heap before GC invocations=3 (full 0):
 garbage-first heap   total 129024K, used 81924K [0x0000000083000000, 0x00000000831003f0, 0x0000000100000000)
  region size 1024K, 72 young (73728K), 6 survivors (6144K)
 Metaspace       used 19617K, capacity 20180K, committed 20480K, reserved 1067008K
  class space    used 2133K, capacity 2258K, committed 2304K, reserved 1048576K
}
Event: 2.671 GC heap after
{Heap after GC invocations=4 (full 0):
 garbage-first heap   total 129024K, used 14410K [0x0000000083000000, 0x00000000831003f0, 0x0000000100000000)
  region size 1024K, 4 young (4096K), 4 survivors (4096K)
 Metaspace       used 19617K, capacity 20180K, committed 20480K, reserved 1067008K
  class space    used 2133K, capacity 2258K, committed 2304K, reserved 1048576K
}
Event: 2.916 GC heap before
{Heap before GC invocations=4 (full 0):
 garbage-first heap   total 129024K, used 48202K [0x0000000083000000, 0x00000000831003f0, 0x0000000100000000)
  region size 1024K, 38 young (38912K), 4 survivors (4096K)
 Metaspace       used 20572K, capacity 21114K, committed 21296K, reserved 1069056K
  class space    used 2213K, capacity 2355K, committed 2432K, reserved 1048576K
}
Event: 2.919 GC heap after
{Heap after GC invocations=5 (full 0):
 garbage-first heap   total 155648K, used 13101K [0x0000000083000000, 0x00000000831004c0, 0x0000000100000000)
  region size 1024K, 3 young (3072K), 3 survivors (3072K)
 Metaspace       used 20572K, capacity 21114K, committed 21296K, reserved 1069056K
  class space    used 2213K, capacity 2355K, committed 2432K, reserved 1048576K
}
Event: 3.758 GC heap before
{Heap before GC invocations=6 (full 0):
 garbage-first heap   total 155648K, used 103213K [0x0000000083000000, 0x00000000831004c0, 0x0000000100000000)
  region size 1024K, 91 young (93184K), 3 survivors (3072K)
 Metaspace       used 26572K, capacity 27164K, committed 27520K, reserved 1073152K
  class space    used 2965K, capacity 3114K, committed 3200K, reserved 1048576K
}
Event: 3.764 GC heap after
{Heap after GC invocations=7 (full 0):
 garbage-first heap   total 155648K, used 19327K [0x0000000083000000, 0x00000000831004c0, 0x0000000100000000)
  region size 1024K, 9 young (9216K), 9 survivors (9216K)
 Metaspace       used 26572K, capacity 27164K, committed 27520K, reserved 1073152K
  class space    used 2965K, capacity 3114K, committed 3200K, reserved 1048576K
}
Event: 57.340 GC heap before
{Heap before GC invocations=7 (full 0):
 garbage-first heap   total 155648K, used 103295K [0x0000000083000000, 0x00000000831004c0, 0x0000000100000000)
  region size 1024K, 91 young (93184K), 9 survivors (9216K)
 Metaspace       used 34846K, capacity 35700K, committed 35920K, reserved 1081344K
  class space    used 3969K, capacity 4196K, committed 4224K, reserved 1048576K
}
Event: 57.350 GC heap after
{Heap after GC invocations=8 (full 0):
 garbage-first heap   total 155648K, used 21798K [0x0000000083000000, 0x00000000831004c0, 0x0000000100000000)
  region size 1024K, 7 young (7168K), 7 survivors (7168K)
 Metaspace       used 34846K, capacity 35700K, committed 35920K, reserved 1081344K
  class space    used 3969K, capacity 4196K, committed 4224K, reserved 1048576K
}

Deoptimization events (10 events):
Event: 4.142 Thread 0x00000141e8b91800 Uncommon trap: reason=unstable_if action=reinterpret pc=0x00000141d76923ec method=java.lang.String.valueOf(Ljava/lang/Object;)Ljava/lang/String; @ 1 c2
Event: 4.143 Thread 0x00000141e8b91800 Uncommon trap: reason=unstable_if action=reinterpret pc=0x00000141d76960fc method=java.util.HashMap.entrySet()Ljava/util/Set; @ 6 c2
Event: 4.146 Thread 0x00000141e8b91800 Uncommon trap: reason=unstable_if action=reinterpret pc=0x00000141d7769564 method=java.io.ByteArrayInputStream.read([BII)I @ 63 c2
Event: 4.154 Thread 0x00000141e8b91800 Uncommon trap: reason=unstable_if action=reinterpret pc=0x00000141d75ca0e8 method=java.lang.String.replace(CC)Ljava/lang/String; @ 2 c2
Event: 4.155 Thread 0x00000141e8b91800 Uncommon trap: reason=bimorphic_or_optimized_type_check action=maybe_recompile pc=0x00000141d76dde74 method=java.net.URL.<init>(Ljava/net/URL;Ljava/lang/String;Ljava/net/URLStreamHandler;)V @ 507 c2
Event: 4.705 Thread 0x00000141e8b91800 Uncommon trap: reason=unstable_if action=reinterpret pc=0x00000141d768ecc4 method=java.util.regex.Pattern.escape(ZZZ)I @ 1264 c2
Event: 4.840 Thread 0x00000141e8b91800 Uncommon trap: reason=unstable_if action=reinterpret pc=0x00000141d7607d18 method=sun.net.www.ParseUtil.encodePath(Ljava/lang/String;Z)Ljava/lang/String; @ 1 c2
Event: 7.259 Thread 0x00000141e8b91800 Uncommon trap: reason=unstable_if action=reinterpret pc=0x00000141d76ebaac method=java.lang.String.indexOf(Ljava/lang/String;)I @ 15 c2
Event: 54.831 Thread 0x00000141e8b91800 Uncommon trap: reason=intrinsic_or_type_checked_inlining action=make_not_entrant pc=0x00000141d78048c0 method=java.util.ArrayList.toArray([Ljava/lang/Object;)[Ljava/lang/Object; @ 36 c2
Event: 67.018 Thread 0x00000141e8b91800 Uncommon trap: reason=unstable_if action=reinterpret pc=0x00000141d77dc548 method=com.google.gson.stream.JsonReader.nextQuotedValue(C)Ljava/lang/String; @ 33 c2

Classes redefined (0 events):
No events

Internal exceptions (10 events):
Event: 67.939 Thread 0x00000141e8b91800 Exception <a 'java/net/SocketTimeoutException'{0x000000008ba63fd8}: Read timed out> (0x000000008ba63fd8) thrown at [t:/workspace/hotspot/src/share/vm/prims/jni.cpp, line 625]
Event: 67.955 Thread 0x00000141e8b91800 Exception <a 'java/net/SocketTimeoutException'{0x000000008ba702b0}: Read timed out> (0x000000008ba702b0) thrown at [t:/workspace/hotspot/src/share/vm/prims/jni.cpp, line 625]
Event: 67.962 Thread 0x00000141e8b91800 Exception <a 'java/net/SocketTimeoutException'{0x000000008ba7fca0}: Read timed out> (0x000000008ba7fca0) thrown at [t:/workspace/hotspot/src/share/vm/prims/jni.cpp, line 625]
Event: 68.047 Thread 0x00000141e8b91800 Exception <a 'java/net/SocketTimeoutException'{0x000000008ba8e180}: Read timed out> (0x000000008ba8e180) thrown at [t:/workspace/hotspot/src/share/vm/prims/jni.cpp, line 625]
Event: 68.055 Thread 0x00000141e8b91800 Exception <a 'java/net/SocketTimeoutException'{0x000000008ba9e238}: Read timed out> (0x000000008ba9e238) thrown at [t:/workspace/hotspot/src/share/vm/prims/jni.cpp, line 625]
Event: 68.063 Thread 0x00000141e8b91800 Exception <a 'java/net/SocketTimeoutException'{0x000000008baae3d0}: Read timed out> (0x000000008baae3d0) thrown at [t:/workspace/hotspot/src/share/vm/prims/jni.cpp, line 625]
Event: 68.073 Thread 0x00000141e8b91800 Exception <a 'java/net/SocketTimeoutException'{0x000000008babe648}: Read timed out> (0x000000008babe648) thrown at [t:/workspace/hotspot/src/share/vm/prims/jni.cpp, line 625]
Event: 68.081 Thread 0x00000141e8b91800 Exception <a 'java/net/SocketTimeoutException'{0x000000008baceef0}: Read timed out> (0x000000008baceef0) thrown at [t:/workspace/hotspot/src/share/vm/prims/jni.cpp, line 625]
Event: 68.091 Thread 0x00000141e8b91800 Exception <a 'java/net/SocketTimeoutException'{0x000000008b91bb90}: Read timed out> (0x000000008b91bb90) thrown at [t:/workspace/hotspot/src/share/vm/prims/jni.cpp, line 625]
Event: 68.106 Thread 0x00000141e8b91800 Exception <a 'java/net/SocketTimeoutException'{0x000000008b929400}: Read timed out> (0x000000008b929400) thrown at [t:/workspace/hotspot/src/share/vm/prims/jni.cpp, line 625]

Events (10 events):
Event: 64.708 Executing VM operation: RevokeBias
Event: 64.708 Executing VM operation: RevokeBias done
Event: 64.708 Executing VM operation: RevokeBias
Event: 64.708 Executing VM operation: RevokeBias done
Event: 64.708 Executing VM operation: RevokeBias
Event: 64.708 Executing VM operation: RevokeBias done
Event: 64.709 Thread 0x00000141e8b90000 Thread exited: 0x00000141e8b90000
Event: 67.018 Thread 0x00000141e8b91800 Uncommon trap: trap_request=0xffffff5d fr.pc=0x00000141d77dc548 relative=0x0000000000001388
Event: 67.018 Thread 0x00000141e8b91800 DEOPT PACKING pc=0x00000141d77dc548 sp=0x000000410dafce50
Event: 67.018 Thread 0x00000141e8b91800 DEOPT UNPACKING pc=0x00000141cfaddf29 sp=0x000000410dafce58 mode 2


Dynamic libraries:
0x00007ff7324b0000 - 0x00007ff7324ee000 	C:\Program Files\Java\jdk-9.0.1\bin\java.exe
0x00007ff85aaa0000 - 0x00007ff85ac81000 	C:\WINDOWS\SYSTEM32\ntdll.dll
0x00007ff834f80000 - 0x00007ff834fb4000 	C:\Program Files\AVAST Software\Avast\x64\aswhooka.dll
0x00007ff858260000 - 0x00007ff858312000 	C:\WINDOWS\System32\KERNEL32.DLL
0x00007ff8577d0000 - 0x00007ff857a43000 	C:\WINDOWS\System32\KERNELBASE.dll
0x00007ff8583a0000 - 0x00007ff858441000 	C:\WINDOWS\System32\ADVAPI32.dll
0x00007ff859380000 - 0x00007ff85941e000 	C:\WINDOWS\System32\msvcrt.dll
0x00007ff858450000 - 0x00007ff8584ab000 	C:\WINDOWS\System32\sechost.dll
0x00007ff8588d0000 - 0x00007ff8589f4000 	C:\WINDOWS\System32\RPCRT4.dll
0x00007ff8584c0000 - 0x00007ff858650000 	C:\WINDOWS\System32\USER32.dll
0x00007ff857c70000 - 0x00007ff857c90000 	C:\WINDOWS\System32\win32u.dll
0x00007ff859010000 - 0x00007ff859038000 	C:\WINDOWS\System32\GDI32.dll
0x00007ff857ad0000 - 0x00007ff857c62000 	C:\WINDOWS\System32\gdi32full.dll
0x00007ff856e70000 - 0x00007ff856f0f000 	C:\WINDOWS\System32\msvcp_win.dll
0x00007ff8576d0000 - 0x00007ff8577ca000 	C:\WINDOWS\System32\ucrtbase.dll
0x00007ff848ec0000 - 0x00007ff849129000 	C:\WINDOWS\WinSxS\amd64_microsoft.windows.common-controls_6595b64144ccf1df_6.0.17134.48_none_b4b2216a3cb4dd3e\COMCTL32.dll
0x00007ff857f30000 - 0x00007ff858253000 	C:\WINDOWS\System32\combase.dll
0x00007ff857a50000 - 0x00007ff857aca000 	C:\WINDOWS\System32\bcryptPrimitives.dll
0x00007ff850210000 - 0x00007ff85021a000 	C:\WINDOWS\SYSTEM32\VERSION.dll
0x00007ff859040000 - 0x00007ff85906d000 	C:\WINDOWS\System32\IMM32.DLL
0x00007ff82a1d0000 - 0x00007ff82a2bf000 	C:\Program Files\Java\jdk-9.0.1\bin\msvcr120.dll
0x00007ff829e70000 - 0x00007ff829f16000 	C:\Program Files\Java\jdk-9.0.1\bin\msvcp120.dll
0x000000005e010000 - 0x000000005ea34000 	C:\Program Files\Java\jdk-9.0.1\bin\server\jvm.dll
0x00007ff858320000 - 0x00007ff858328000 	C:\WINDOWS\System32\PSAPI.DLL
0x00007ff845e90000 - 0x00007ff845e99000 	C:\WINDOWS\SYSTEM32\WSOCK32.dll
0x00007ff8595c0000 - 0x00007ff85962c000 	C:\WINDOWS\System32\WS2_32.dll
0x00007ff84efc0000 - 0x00007ff84efe3000 	C:\WINDOWS\SYSTEM32\WINMM.dll
0x00007ff84ef70000 - 0x00007ff84ef9a000 	C:\WINDOWS\SYSTEM32\WINMMBASE.dll
0x00007ff857620000 - 0x00007ff857669000 	C:\WINDOWS\System32\cfgmgr32.dll
0x00007ff8535e0000 - 0x00007ff8535ef000 	C:\Program Files\Java\jdk-9.0.1\bin\verify.dll
0x00007ff847b50000 - 0x00007ff847b77000 	C:\Program Files\Java\jdk-9.0.1\bin\java.dll
0x00007ff845ed0000 - 0x00007ff845efa000 	C:\Program Files\Java\jdk-9.0.1\bin\instrument.dll
0x00007ff847b30000 - 0x00007ff847b46000 	C:\Program Files\Java\jdk-9.0.1\bin\zip.dll
0x00007ff8515b0000 - 0x00007ff8515ba000 	C:\Program Files\Java\jdk-9.0.1\bin\jimage.dll
0x00007ff859630000 - 0x00007ff85aa70000 	C:\WINDOWS\System32\SHELL32.dll
0x00007ff859420000 - 0x00007ff8594c9000 	C:\WINDOWS\System32\shcore.dll
0x00007ff856f10000 - 0x00007ff85761d000 	C:\WINDOWS\System32\windows.storage.dll
0x00007ff858330000 - 0x00007ff858381000 	C:\WINDOWS\System32\shlwapi.dll
0x00007ff856e40000 - 0x00007ff856e51000 	C:\WINDOWS\System32\kernel.appcore.dll
0x00007ff856dd0000 - 0x00007ff856def000 	C:\WINDOWS\System32\profapi.dll
0x00007ff856df0000 - 0x00007ff856e3c000 	C:\WINDOWS\System32\powrprof.dll
0x00007ff856e60000 - 0x00007ff856e6a000 	C:\WINDOWS\System32\FLTLIB.DLL
0x00007ff847b10000 - 0x00007ff847b2a000 	C:\Program Files\Java\jdk-9.0.1\bin\net.dll
0x00007ff8543e0000 - 0x00007ff8544bd000 	C:\WINDOWS\SYSTEM32\WINHTTP.dll
0x00007ff8565e0000 - 0x00007ff856646000 	C:\WINDOWS\system32\mswsock.dll
0x00007ff845f20000 - 0x00007ff845f31000 	C:\Program Files\Java\jdk-9.0.1\bin\nio.dll
0x00007ff845eb0000 - 0x00007ff845eca000 	C:\Program Files\JetBrains\IntelliJ IDEA Community Edition 2018.1.4\bin\breakgen64.dll
0x00007ff856b10000 - 0x00007ff856b27000 	C:\WINDOWS\SYSTEM32\CRYPTSP.dll
0x00007ff8561d0000 - 0x00007ff856203000 	C:\WINDOWS\system32\rsaenh.dll
0x00007ff856ad0000 - 0x00007ff856af5000 	C:\WINDOWS\SYSTEM32\bcrypt.dll
0x00007ff856ce0000 - 0x00007ff856d08000 	C:\WINDOWS\SYSTEM32\USERENV.dll
0x00007ff856740000 - 0x00007ff85674b000 	C:\WINDOWS\SYSTEM32\CRYPTBASE.dll
0x00007ff856370000 - 0x00007ff8563a8000 	C:\WINDOWS\SYSTEM32\IPHLPAPI.DLL
0x00007ff858390000 - 0x00007ff858398000 	C:\WINDOWS\System32\NSI.dll
0x00007ff854a80000 - 0x00007ff854a96000 	C:\WINDOWS\SYSTEM32\dhcpcsvc6.DLL
0x00007ff854a60000 - 0x00007ff854a7a000 	C:\WINDOWS\SYSTEM32\dhcpcsvc.DLL
0x00007ff8563c0000 - 0x00007ff85647e000 	C:\WINDOWS\SYSTEM32\DNSAPI.dll
0x00007ff8530a0000 - 0x00007ff8530aa000 	C:\Windows\System32\rasadhlp.dll
0x00007ff8549e0000 - 0x00007ff854a52000 	C:\WINDOWS\System32\fwpuclnt.dll
0x00007ff845e40000 - 0x00007ff845e4b000 	C:\Program Files\Java\jdk-9.0.1\bin\sunmscapi.dll
0x00007ff857c90000 - 0x00007ff857e72000 	C:\WINDOWS\System32\CRYPT32.dll
0x00007ff856db0000 - 0x00007ff856dc2000 	C:\WINDOWS\System32\MSASN1.dll
0x00007ff836ff0000 - 0x00007ff837013000 	C:\Program Files\Java\jdk-9.0.1\bin\sunec.dll
0x00007ff852ac0000 - 0x00007ff852ad6000 	C:\WINDOWS\system32\napinsp.dll
0x00007ff852ae0000 - 0x00007ff852afa000 	C:\WINDOWS\system32\pnrpnsp.dll
0x00007ff853a90000 - 0x00007ff853aa9000 	C:\WINDOWS\system32\NLAapi.dll
0x00007ff852bb0000 - 0x00007ff852bbe000 	C:\WINDOWS\System32\winrnr.dll
0x00007ff848cf0000 - 0x00007ff848eb9000 	C:\WINDOWS\SYSTEM32\dbghelp.dll

VM Arguments:
jvm_args: -ea -Didea.test.cyclic.buffer.size=1048576 -javaagent:C:\Program Files\JetBrains\IntelliJ IDEA Community Edition 2018.1.4\lib\idea_rt.jar=56209:C:\Program Files\JetBrains\IntelliJ IDEA Community Edition 2018.1.4\bin -Dfile.encoding=UTF-8 
java_command: com.intellij.rt.execution.junit.JUnitStarter -ideVersion5 -junit4 com.harriague.automate.web.steps.Controls
java_class_path (initial): C:\Program Files\JetBrains\IntelliJ IDEA Community Edition 2018.1.4\lib\idea_rt.jar;C:\Program Files\JetBrains\IntelliJ IDEA Community Edition 2018.1.4\plugins\junit\lib\junit-rt.jar;C:\Program Files\JetBrains\IntelliJ IDEA Community Edition 2018.1.4\plugins\junit\lib\junit5-rt.jar;D:\Repositorios\automate\Gestar\target\test-classes;D:\Repositorios\automate\Gestar\target\classes;D:\Repositorios\automate\QCAFrameworks\QCAFrameworks-master\QCAFrameworkWindowsWeb\target\classes;C:\Users\rcrespillo\.m2\repository\org\seleniumhq\selenium\selenium-ie-driver\3.4.0\selenium-ie-driver-3.4.0.jar;C:\Users\rcrespillo\.m2\repository\cglib\cglib-nodep\3.2.4\cglib-nodep-3.2.4.jar;C:\Users\rcrespillo\.m2\repository\org\apache\commons\commons-exec\1.3\commons-exec-1.3.jar;C:\Users\rcrespillo\.m2\repository\commons-codec\commons-codec\1.10\commons-codec-1.10.jar;C:\Users\rcrespillo\.m2\repository\commons-logging\commons-logging\1.2\commons-logging-1.2.jar;C:\Users\rcrespillo\.m2\repository\com\google\code\gson\gson\2.8.0\gson-2.8.0.jar;C:\Users\rcrespillo\.m2\repository\com\google\guava\guava\21.0\guava-21.0.jar;C:\Users\rcrespillo\.m2\repository\org\apache\httpcomponents\httpclient\4.5.3\httpclient-4.5.3.jar;C:\Users\rcrespillo\.m2\repository\org\apache\httpcomponents\httpcore\4.4.6\httpcore-4.4.6.jar;C:\Users\rcrespillo\.m2\repository\net\java\dev\jna\jna\4.1.0\jna-4.1.0.jar;C:\Users\rcrespillo\.m2\repository\net\java\dev\jna\jna-platform\4.1.0\jna-platform-4.1.0.jar;C:\Users\rcrespillo\.m2\repository\org\seleniumhq\selenium\selenium-firefox-driver\3.4.0\selenium-firefox-driver-3.4.0.jar;C:\Users\rcrespillo\.m2\repository\org\seleniumhq\selenium\selenium-java\2.53.1\selenium-java-2.53.1.jar;C:\Users\rcrespillo\.m2\repository\org\seleniumhq\selenium\selenium-chrome-driver\2.53.1\selenium-chrome-driver-2.53.1.jar;C:\Users\rcrespillo\.m2\repository\org\seleniumhq\selenium\selenium-edge-driver\2.53.1\selenium-edge-driver-2.53.1.jar;C:\Users\rcrespillo\.m2\r
Launcher Type: SUN_STANDARD

Logging:
Log output configuration:
#0: stdout all=warning uptime,level,tags
#1: stderr all=off uptime,level,tags

Environment Variables:
JAVA_HOME=C:\Program Files\Java\jdk1.8.0_161
PATH=C:\Program Files\Docker\Docker\Resources\bin;C:\ProgramData\Oracle\Java\javapath;C:\WINDOWS\system32;C:\WINDOWS;C:\WINDOWS\System32\Wbem;C:\WINDOWS\System32\WindowsPowerShell\v1.0\;C:\Program Files\PuTTY\;C:\Program Files (x86)\Skype\Phone\;C:\Program Files\Java\jdk1.8.0_161\bin;c:\Program Files (x86)\Microsoft SQL Server\100\Tools\Binn\VSShell\Common7\IDE\;c:\Program Files (x86)\Microsoft SQL Server\100\Tools\Binn\;c:\Program Files\Microsoft SQL Server\100\Tools\Binn\;c:\Program Files (x86)\Microsoft SQL Server\100\DTS\Binn\;C:\Users\rcrespillo\.dnx\bin;C:\Program Files\Microsoft DNX\Dnvm\;C:\Program Files\Microsoft SQL Server\120\Tools\Binn\;C:\Program Files\TortoiseSVN\bin;C:\Program Files\Microsoft SQL Server\130\Tools\Binn\;C:\Program Files\Apache\maven\bin;C:\Program Files\Apache\maven\bin;;C:\WINDOWS\System32\OpenSSH\;C:\Users\rcrespillo\AppData\Local\Programs\Python\Python36-32\Scripts\;C:\Users\rcrespillo\AppData\Local\Programs\Python\Python36-32\;C:\Users\rcrespillo\AppData\Local\Microsoft\WindowsApps;C:\Program Files\Microsoft VS Code\bin
USERNAME=rcrespillo
OS=Windows_NT
PROCESSOR_IDENTIFIER=Intel64 Family 6 Model 58 Stepping 9, GenuineIntel



---------------  S Y S T E M  ---------------

OS: Windows 10 , 64 bit Build 17134 (10.0.17134.1)

CPU:total 8 (initial active 8) (4 cores per cpu, 2 threads per core) family 6 model 58 stepping 9, cmov, cx8, fxsr, mmx, sse, sse2, sse3, ssse3, sse4.1, sse4.2, popcnt, avx, aes, clmul, erms, ht, tsc, tscinvbit, tscinv

Memory: 4k page, physical 8189904k(618176k free), swap 8189904k(3320k free)

vm_info: Java HotSpot(TM) 64-Bit Server VM (9.0.1+11) for windows-amd64 JRE (9.0.1+11), built on Sep 28 2017 04:54:03 by "mach5one" with MS VC++ 12.0 (VS2013)

END.
