#
# There is insufficient memory for the Java Runtime Environment to continue.
# Native memory allocation (mmap) failed to map 27262976 bytes for Failed to commit area from 0x000000008ae00000 to 0x000000008c800000 of length 27262976.
# Possible reasons:
#   The system is out of physical RAM or swap space
#   The process is running with CompressedOops enabled, and the Java Heap may be blocking the growth of the native heap
# Possible solutions:
#   Reduce memory load on the system
#   Increase physical memory or swap space
#   Check if swap backing store is full
#   Decrease Java heap size (-Xmx/-Xms)
#   Decrease number of Java threads
#   Decrease Java thread stack sizes (-Xss)
#   Set larger code cache with -XX:ReservedCodeCacheSize=
#   JVM is running with Unscaled Compressed Oops mode in which the Java heap is
#     placed in the first 4GB address space. The Java Heap base address is the
#     maximum limit for the native heap growth. Please use -XX:HeapBaseMinAddress
#     to set the Java Heap base and to place the Java Heap above 4GB virtual address.
# This output file may be truncated or incomplete.
#
#  Out of Memory Error (t:/workspace/hotspot/src/os/windows/vm/os_windows.cpp:3357), pid=2548, tid=2000
#
# JRE version: Java(TM) SE Runtime Environment (9.0+11) (build 9.0.1+11)
# Java VM: Java HotSpot(TM) 64-Bit Server VM (9.0.1+11, mixed mode, tiered, compressed oops, g1 gc, windows-amd64)
# No core dump will be written. Minidumps are not enabled by default on client versions of Windows
#

---------------  S U M M A R Y ------------

Command Line: -ea -Didea.test.cyclic.buffer.size=1048576 -javaagent:C:\Program Files\JetBrains\IntelliJ IDEA Community Edition 2018.1.4\lib\idea_rt.jar=57709:C:\Program Files\JetBrains\IntelliJ IDEA Community Edition 2018.1.4\bin -Dfile.encoding=UTF-8 com.intellij.rt.execution.junit.JUnitStarter -ideVersion5 -junit4 com.harriague.automate.web.steps.run

Host: Intel(R) Core(TM) i7-3770 CPU @ 3.40GHz, 8 cores, 7G,  Windows 10 , 64 bit Build 17134 (10.0.17134.1)
Time: Wed Jun 13 18:07:45 2018 Hora estándar de Argentina elapsed time: 47 seconds (0d 0h 0m 47s)

---------------  T H R E A D  ---------------

Current thread (0x0000028ad3f16800):  VMThread "VM Thread" [stack: 0x0000009e37b00000,0x0000009e37c00000] [id=2000]

Stack: [0x0000009e37b00000,0x0000009e37c00000]
[error occurred during error reporting (printing stack bounds), id 0xe0000002]

Native frames: (J=compiled Java code, j=interpreted, Vv=VM code, C=native code)
V  [jvm.dll+0x5870b8]
V  [jvm.dll+0x69c0ee]
V  [jvm.dll+0x69d00a]
V  [jvm.dll+0x69cb95]
V  [jvm.dll+0x69d5ab]
V  [jvm.dll+0x586916]
V  [jvm.dll+0x586ce8]
C  [ntdll.dll+0x9edcd]
C  [ntdll.dll+0x6c86]
C  [ntdll.dll+0x9dcfe]
C  0x0000028abc3e0e2a

VM_Operation (0x0000009e389fcf60): G1IncCollectionPause, mode: safepoint, requested by thread 0x0000028ad9a0d800


---------------  P R O C E S S  ---------------

Java Threads: ( => current thread )
  0x0000028ad97dd800 JavaThread "Exec Stream Pumper" daemon [_thread_in_native, id=2188, stack(0x0000009e38e00000,0x0000009e38f00000)]
  0x0000028ad59a1000 JavaThread "Exec Stream Pumper" daemon [_thread_in_native, id=13072, stack(0x0000009e38d00000,0x0000009e38e00000)]
  0x0000028ad8c5b000 JavaThread "UrlChecker-2" daemon [_thread_blocked, id=12972, stack(0x0000009e38b00000,0x0000009e38c00000)]
  0x0000028ad89a2800 JavaThread "Exec Default Executor" daemon [_thread_in_native, id=12020, stack(0x0000009e38a00000,0x0000009e38b00000)]
  0x0000028ad9a0d800 JavaThread "Forwarding switchToFrame on session 41267354c480d138d7cec4fed3d4f8fc to remote" [_thread_blocked, id=8416, stack(0x0000009e38900000,0x0000009e38a00000)]
  0x0000028ad4640800 JavaThread "Service Thread" daemon [_thread_blocked, id=9580, stack(0x0000009e38700000,0x0000009e38800000)]
  0x0000028ad4640000 JavaThread "Monitor Ctrl-Break" daemon [_thread_in_native, id=740, stack(0x0000009e38600000,0x0000009e38700000)]
  0x0000028ad3fac800 JavaThread "Common-Cleaner" daemon [_thread_blocked, id=10852, stack(0x0000009e38500000,0x0000009e38600000)]
  0x0000028ad3f9b800 JavaThread "Sweeper thread" daemon [_thread_blocked, id=12928, stack(0x0000009e38400000,0x0000009e38500000)]
  0x0000028ad3f8e000 JavaThread "C1 CompilerThread3" daemon [_thread_blocked, id=6804, stack(0x0000009e38300000,0x0000009e38400000)]
  0x0000028ad3f7d000 JavaThread "C2 CompilerThread2" daemon [_thread_blocked, id=10068, stack(0x0000009e38200000,0x0000009e38300000)]
  0x0000028ad3f79000 JavaThread "C2 CompilerThread1" daemon [_thread_blocked, id=8728, stack(0x0000009e38100000,0x0000009e38200000)]
  0x0000028ad3f78000 JavaThread "C2 CompilerThread0" daemon [_thread_blocked, id=5184, stack(0x0000009e38000000,0x0000009e38100000)]
  0x0000028ad3f75800 JavaThread "Attach Listener" daemon [_thread_blocked, id=8068, stack(0x0000009e37f00000,0x0000009e38000000)]
  0x0000028ad3f74800 JavaThread "Signal Dispatcher" daemon [_thread_blocked, id=4700, stack(0x0000009e37e00000,0x0000009e37f00000)]
  0x0000028ad3f27000 JavaThread "Finalizer" daemon [_thread_blocked, id=5808, stack(0x0000009e37d00000,0x0000009e37e00000)]
  0x0000028ad3f1c800 JavaThread "Reference Handler" daemon [_thread_blocked, id=4688, stack(0x0000009e37c00000,0x0000009e37d00000)]
  0x0000028ab037e800 JavaThread "main" [_thread_blocked, id=12836, stack(0x0000009e36600000,0x0000009e36700000)]

Other Threads:
=>0x0000028ad3f16800 VMThread "VM Thread" [stack: 0x0000009e37b00000,0x0000009e37c00000] [id=2000]
  0x0000028ad4644000 WatcherThread [stack: 0x0000009e38800000,0x0000009e38900000] [id=4896]
  0x0000028ab0394800 GCTaskThread "GC Thread#0" [stack: 0x0000009e36700000,0x0000009e36800000] [id=7400]
  0x0000028ab0396000 GCTaskThread "GC Thread#1" [stack: 0x0000009e36800000,0x0000009e36900000] [id=244]
  0x0000028ab0397800 GCTaskThread "GC Thread#2" [stack: 0x0000009e36900000,0x0000009e36a00000] [id=10712]
  0x0000028ab039a800 GCTaskThread "GC Thread#3" [stack: 0x0000009e36a00000,0x0000009e36b00000] [id=10436]
  0x0000028ab03ab000 GCTaskThread "GC Thread#4" [stack: 0x0000009e36b00000,0x0000009e36c00000] [id=3864]
  0x0000028ab03ac000 GCTaskThread "GC Thread#5" [stack: 0x0000009e36c00000,0x0000009e36d00000] [id=8252]
  0x0000028ab03aa800 GCTaskThread "GC Thread#6" [stack: 0x0000009e36d00000,0x0000009e36e00000] [id=11284]
  0x0000028ab03aa000 GCTaskThread "GC Thread#7" [stack: 0x0000009e36e00000,0x0000009e36f00000] [id=10500]
  0x0000028ab040c000 ConcurrentGCThread "G1 Main Marker" [stack: 0x0000009e37800000,0x0000009e37900000] [id=2328]
  0x0000028ab03a5000 ConcurrentGCThread "G1 Marker#0" [stack: 0x0000009e37900000,0x0000009e37a00000] [id=4260]
  0x0000028ab03a7800 ConcurrentGCThread "G1 Marker#1" [stack: 0x0000009e37a00000,0x0000009e37b00000] [id=4164]
  0x0000028ab03cd000 ConcurrentGCThread "G1 Refine#0" [stack: 0x0000009e37600000,0x0000009e37700000] [id=12016]
  0x0000028ab03cc800 ConcurrentGCThread "G1 Refine#1" [stack: 0x0000009e37500000,0x0000009e37600000] [id=6820]
  0x0000028ab03c8000 ConcurrentGCThread "G1 Refine#2" [stack: 0x0000009e37400000,0x0000009e37500000] [id=10812]
  0x0000028ab03c7000 ConcurrentGCThread "G1 Refine#3" [stack: 0x0000009e37300000,0x0000009e37400000] [id=2556]
  0x0000028ab03c6800 ConcurrentGCThread "G1 Refine#4" [stack: 0x0000009e37200000,0x0000009e37300000] [id=9748]
  0x0000028ab03c4000 ConcurrentGCThread "G1 Refine#5" [stack: 0x0000009e37100000,0x0000009e37200000] [id=13044]
  0x0000028ab03bf000 ConcurrentGCThread "G1 Refine#6" [stack: 0x0000009e37000000,0x0000009e37100000] [id=12800]
  0x0000028ab03be800 ConcurrentGCThread "G1 Refine#7" [stack: 0x0000009e36f00000,0x0000009e37000000] [id=10248]
  0x0000028ab03d6000 ConcurrentGCThread "G1 Young RemSet Sampling" [stack: 0x0000009e37700000,0x0000009e37800000] [id=2712]

Threads with active compile tasks:

VM state:at safepoint (normal execution)

VM Mutex/Monitor currently owned by a thread:  ([mutex/lock_event])
[0x0000028ab037b970] Threads_lock - owner thread: 0x0000028ad3f16800
[0x0000028ab037c300] Heap_lock - owner thread: 0x0000028ad9a0d800

Heap address: 0x0000000083000000, size: 2000 MB, Compressed Oops mode: 32-bit
Narrow klass base: 0x0000000000000000, Narrow klass shift: 3
Compressed class space size: 1073741824 Address: 0x0000000100000000

Heap:
 garbage-first heap   total 155648K, used 22219K [0x0000000083000000, 0x00000000831004c0, 0x0000000100000000)
  region size 1024K, 8 young (8192K), 8 survivors (8192K)
 Metaspace       used 34518K, capacity 35336K, committed 35456K, reserved 1081344K
  class space    used 3985K, capacity 4198K, committed 4224K, reserved 1048576K
Heap Regions: E=young(eden), S=young(survivor), O=old, HS=humongous(starts), HC=humongous(continues), CS=collection set, F=free, A=archive, TS=gc time stamp, AC=allocation context, TAMS=top-at-mark-start (previous, next)
|   0|0x0000000083000000, 0x0000000083100000, 0x0000000083100000|100%|HS|  |TS  0|AC  0|TAMS 0x0000000083100000, 0x0000000083100000|
|   1|0x0000000083100000, 0x0000000083200000, 0x0000000083200000|100%| O|  |TS  0|AC  0|TAMS 0x0000000083200000, 0x0000000083200000|
|   2|0x0000000083200000, 0x0000000083300000, 0x0000000083300000|100%| O|  |TS  0|AC  0|TAMS 0x0000000083300000, 0x0000000083300000|
|   3|0x0000000083300000, 0x0000000083400000, 0x0000000083400000|100%| O|  |TS  0|AC  0|TAMS 0x0000000083400000, 0x0000000083400000|
|   4|0x0000000083400000, 0x0000000083500000, 0x0000000083500000|100%| O|  |TS  0|AC  0|TAMS 0x0000000083500000, 0x0000000083500000|
|   5|0x0000000083500000, 0x0000000083600000, 0x0000000083600000|100%| O|  |TS  0|AC  0|TAMS 0x0000000083600000, 0x0000000083600000|
|   6|0x0000000083600000, 0x0000000083700000, 0x0000000083700000|100%| O|  |TS  0|AC  0|TAMS 0x0000000083700000, 0x0000000083700000|
|   7|0x0000000083700000, 0x0000000083800000, 0x0000000083800000|100%| O|  |TS  0|AC  0|TAMS 0x0000000083800000, 0x0000000083800000|
|   8|0x0000000083800000, 0x0000000083900000, 0x0000000083900000|100%| O|  |TS  0|AC  0|TAMS 0x0000000083900000, 0x0000000083900000|
|   9|0x0000000083900000, 0x0000000083a00000, 0x0000000083a00000|100%| O|  |TS  3|AC  0|TAMS 0x000000008398ba00, 0x000000008398ba00|
|  10|0x0000000083a00000, 0x0000000083b00000, 0x0000000083b00000|100%| O|  |TS  3|AC  0|TAMS 0x0000000083a00000, 0x0000000083a00000|
|  11|0x0000000083b00000, 0x0000000083c00000, 0x0000000083c00000|100%| O|  |TS  3|AC  0|TAMS 0x0000000083b00000, 0x0000000083b00000|
|  12|0x0000000083c00000, 0x0000000083d00000, 0x0000000083d00000|100%| O|  |TS  3|AC  0|TAMS 0x0000000083c00000, 0x0000000083c00000|
|  13|0x0000000083d00000, 0x0000000083e00000, 0x0000000083e00000|100%| O|  |TS  3|AC  0|TAMS 0x0000000083d00000, 0x0000000083d00000|
|  14|0x0000000083e00000, 0x0000000083e89000, 0x0000000083f00000| 53%| O|  |TS  3|AC  0|TAMS 0x0000000083e00000, 0x0000000083e00000|
|  15|0x0000000083f00000, 0x0000000083f00000, 0x0000000084000000|  0%| F|  |TS  0|AC  0|TAMS 0x0000000083f00000, 0x0000000083f00000|
|  16|0x0000000084000000, 0x0000000084000000, 0x0000000084100000|  0%| F|  |TS  0|AC  0|TAMS 0x0000000084000000, 0x0000000084000000|
|  17|0x0000000084100000, 0x0000000084100000, 0x0000000084200000|  0%| F|  |TS  0|AC  0|TAMS 0x0000000084100000, 0x0000000084100000|
|  18|0x0000000084200000, 0x0000000084200000, 0x0000000084300000|  0%| F|  |TS  0|AC  0|TAMS 0x0000000084200000, 0x0000000084200000|
|  19|0x0000000084300000, 0x0000000084300000, 0x0000000084400000|  0%| F|  |TS  0|AC  0|TAMS 0x0000000084300000, 0x0000000084300000|
|  20|0x0000000084400000, 0x0000000084400000, 0x0000000084500000|  0%| F|  |TS  0|AC  0|TAMS 0x0000000084400000, 0x0000000084400000|
|  21|0x0000000084500000, 0x0000000084500000, 0x0000000084600000|  0%| F|  |TS  0|AC  0|TAMS 0x0000000084500000, 0x0000000084500000|
|  22|0x0000000084600000, 0x0000000084600000, 0x0000000084700000|  0%| F|  |TS  0|AC  0|TAMS 0x0000000084600000, 0x0000000084600000|
|  23|0x0000000084700000, 0x0000000084700000, 0x0000000084800000|  0%| F|  |TS  0|AC  0|TAMS 0x0000000084700000, 0x0000000084700000|
|  24|0x0000000084800000, 0x0000000084800000, 0x0000000084900000|  0%| F|  |TS  0|AC  0|TAMS 0x0000000084800000, 0x0000000084800000|
|  25|0x0000000084900000, 0x0000000084900000, 0x0000000084a00000|  0%| F|  |TS  0|AC  0|TAMS 0x0000000084900000, 0x0000000084900000|
|  26|0x0000000084a00000, 0x0000000084a00000, 0x0000000084b00000|  0%| F|  |TS  0|AC  0|TAMS 0x0000000084a00000, 0x0000000084a00000|
|  27|0x0000000084b00000, 0x0000000084b00000, 0x0000000084c00000|  0%| F|  |TS  0|AC  0|TAMS 0x0000000084b00000, 0x0000000084b00000|
|  28|0x0000000084c00000, 0x0000000084c00000, 0x0000000084d00000|  0%| F|  |TS  0|AC  0|TAMS 0x0000000084c00000, 0x0000000084c00000|
|  29|0x0000000084d00000, 0x0000000084d00000, 0x0000000084e00000|  0%| F|  |TS  0|AC  0|TAMS 0x0000000084d00000, 0x0000000084d00000|
|  30|0x0000000084e00000, 0x0000000084e00000, 0x0000000084f00000|  0%| F|  |TS  0|AC  0|TAMS 0x0000000084e00000, 0x0000000084e00000|
|  31|0x0000000084f00000, 0x0000000084f00000, 0x0000000085000000|  0%| F|  |TS  0|AC  0|TAMS 0x0000000084f00000, 0x0000000084f00000|
|  32|0x0000000085000000, 0x0000000085000000, 0x0000000085100000|  0%| F|  |TS  0|AC  0|TAMS 0x0000000085000000, 0x0000000085000000|
|  33|0x0000000085100000, 0x0000000085100000, 0x0000000085200000|  0%| F|  |TS  0|AC  0|TAMS 0x0000000085100000, 0x0000000085100000|
|  34|0x0000000085200000, 0x0000000085200000, 0x0000000085300000|  0%| F|  |TS  0|AC  0|TAMS 0x0000000085200000, 0x0000000085200000|
|  35|0x0000000085300000, 0x0000000085300000, 0x0000000085400000|  0%| F|  |TS  0|AC  0|TAMS 0x0000000085300000, 0x0000000085300000|
|  36|0x0000000085400000, 0x0000000085400000, 0x0000000085500000|  0%| F|  |TS  0|AC  0|TAMS 0x0000000085400000, 0x0000000085400000|
|  37|0x0000000085500000, 0x0000000085500000, 0x0000000085600000|  0%| F|  |TS  0|AC  0|TAMS 0x0000000085500000, 0x0000000085500000|
|  38|0x0000000085600000, 0x0000000085600000, 0x0000000085700000|  0%| F|  |TS  0|AC  0|TAMS 0x0000000085600000, 0x0000000085600000|
|  39|0x0000000085700000, 0x0000000085700000, 0x0000000085800000|  0%| F|  |TS  0|AC  0|TAMS 0x0000000085700000, 0x0000000085700000|
|  40|0x0000000085800000, 0x0000000085800000, 0x0000000085900000|  0%| F|  |TS  0|AC  0|TAMS 0x0000000085800000, 0x0000000085800000|
|  41|0x0000000085900000, 0x0000000085900000, 0x0000000085a00000|  0%| F|  |TS  0|AC  0|TAMS 0x0000000085900000, 0x0000000085900000|
|  42|0x0000000085a00000, 0x0000000085a00000, 0x0000000085b00000|  0%| F|  |TS  3|AC  0|TAMS 0x0000000085a00000, 0x0000000085a00000|
|  43|0x0000000085b00000, 0x0000000085b00000, 0x0000000085c00000|  0%| F|  |TS  3|AC  0|TAMS 0x0000000085b00000, 0x0000000085b00000|
|  44|0x0000000085c00000, 0x0000000085c00000, 0x0000000085d00000|  0%| F|  |TS  3|AC  0|TAMS 0x0000000085c00000, 0x0000000085c00000|
|  45|0x0000000085d00000, 0x0000000085d00000, 0x0000000085e00000|  0%| F|  |TS  3|AC  0|TAMS 0x0000000085d00000, 0x0000000085d00000|
|  46|0x0000000085e00000, 0x0000000085e00000, 0x0000000085f00000|  0%| F|  |TS  3|AC  0|TAMS 0x0000000085e00000, 0x0000000085e00000|
|  47|0x0000000085f00000, 0x0000000085f00000, 0x0000000086000000|  0%| F|  |TS  3|AC  0|TAMS 0x0000000085f00000, 0x0000000085f00000|
|  48|0x0000000086000000, 0x0000000086000000, 0x0000000086100000|  0%| F|  |TS  3|AC  0|TAMS 0x0000000086000000, 0x0000000086000000|
|  49|0x0000000086100000, 0x0000000086100000, 0x0000000086200000|  0%| F|  |TS  3|AC  0|TAMS 0x0000000086100000, 0x0000000086100000|
|  50|0x0000000086200000, 0x0000000086200000, 0x0000000086300000|  0%| F|  |TS  3|AC  0|TAMS 0x0000000086200000, 0x0000000086200000|
|  51|0x0000000086300000, 0x0000000086300000, 0x0000000086400000|  0%| F|  |TS  1|AC  0|TAMS 0x0000000086300000, 0x0000000086300000|
|  52|0x0000000086400000, 0x0000000086429c40, 0x0000000086500000| 16%| S|CS|TS  3|AC  0|TAMS 0x0000000086400000, 0x0000000086400000|
|  53|0x0000000086500000, 0x0000000086600000, 0x0000000086600000|100%| S|CS|TS  3|AC  0|TAMS 0x0000000086500000, 0x0000000086500000|
|  54|0x0000000086600000, 0x0000000086700000, 0x0000000086700000|100%| S|CS|TS  3|AC  0|TAMS 0x0000000086600000, 0x0000000086600000|
|  55|0x0000000086700000, 0x0000000086800000, 0x0000000086800000|100%| S|CS|TS  3|AC  0|TAMS 0x0000000086700000, 0x0000000086700000|
|  56|0x0000000086800000, 0x0000000086900000, 0x0000000086900000|100%| S|CS|TS  3|AC  0|TAMS 0x0000000086800000, 0x0000000086800000|
|  57|0x0000000086900000, 0x0000000086a00000, 0x0000000086a00000|100%| S|CS|TS  3|AC  0|TAMS 0x0000000086900000, 0x0000000086900000|
|  58|0x0000000086a00000, 0x0000000086b00000, 0x0000000086b00000|100%| S|CS|TS  3|AC  0|TAMS 0x0000000086a00000, 0x0000000086a00000|
|  59|0x0000000086b00000, 0x0000000086c00000, 0x0000000086c00000|100%| S|CS|TS  3|AC  0|TAMS 0x0000000086b00000, 0x0000000086b00000|
|  60|0x0000000086c00000, 0x0000000086c00000, 0x0000000086d00000|  0%| F|  |TS  3|AC  0|TAMS 0x0000000086c00000, 0x0000000086c00000|
|  61|0x0000000086d00000, 0x0000000086d00000, 0x0000000086e00000|  0%| F|  |TS  3|AC  0|TAMS 0x0000000086d00000, 0x0000000086d00000|
|  62|0x0000000086e00000, 0x0000000086e00000, 0x0000000086f00000|  0%| F|  |TS  3|AC  0|TAMS 0x0000000086e00000, 0x0000000086e00000|
|  63|0x0000000086f00000, 0x0000000086f00000, 0x0000000087000000|  0%| F|  |TS  3|AC  0|TAMS 0x0000000086f00000, 0x0000000086f00000|
|  64|0x0000000087000000, 0x0000000087000000, 0x0000000087100000|  0%| F|  |TS  3|AC  0|TAMS 0x0000000087000000, 0x0000000087000000|
|  65|0x0000000087100000, 0x0000000087100000, 0x0000000087200000|  0%| F|  |TS  3|AC  0|TAMS 0x0000000087100000, 0x0000000087100000|
|  66|0x0000000087200000, 0x0000000087200000, 0x0000000087300000|  0%| F|  |TS  3|AC  0|TAMS 0x0000000087200000, 0x0000000087200000|
|  67|0x0000000087300000, 0x0000000087300000, 0x0000000087400000|  0%| F|  |TS  3|AC  0|TAMS 0x0000000087300000, 0x0000000087300000|
|  68|0x0000000087400000, 0x0000000087400000, 0x0000000087500000|  0%| F|  |TS  3|AC  0|TAMS 0x0000000087400000, 0x0000000087400000|
|  69|0x0000000087500000, 0x0000000087500000, 0x0000000087600000|  0%| F|  |TS  3|AC  0|TAMS 0x0000000087500000, 0x0000000087500000|
|  70|0x0000000087600000, 0x0000000087600000, 0x0000000087700000|  0%| F|  |TS  3|AC  0|TAMS 0x0000000087600000, 0x0000000087600000|
|  71|0x0000000087700000, 0x0000000087700000, 0x0000000087800000|  0%| F|  |TS  3|AC  0|TAMS 0x0000000087700000, 0x0000000087700000|
|  72|0x0000000087800000, 0x0000000087800000, 0x0000000087900000|  0%| F|  |TS  3|AC  0|TAMS 0x0000000087800000, 0x0000000087800000|
|  73|0x0000000087900000, 0x0000000087900000, 0x0000000087a00000|  0%| F|  |TS  3|AC  0|TAMS 0x0000000087900000, 0x0000000087900000|
|  74|0x0000000087a00000, 0x0000000087a00000, 0x0000000087b00000|  0%| F|  |TS  3|AC  0|TAMS 0x0000000087a00000, 0x0000000087a00000|
|  75|0x0000000087b00000, 0x0000000087b00000, 0x0000000087c00000|  0%| F|  |TS  3|AC  0|TAMS 0x0000000087b00000, 0x0000000087b00000|
|  76|0x0000000087c00000, 0x0000000087c00000, 0x0000000087d00000|  0%| F|  |TS  3|AC  0|TAMS 0x0000000087c00000, 0x0000000087c00000|
|  77|0x0000000087d00000, 0x0000000087d00000, 0x0000000087e00000|  0%| F|  |TS  3|AC  0|TAMS 0x0000000087d00000, 0x0000000087d00000|
|  78|0x0000000087e00000, 0x0000000087e00000, 0x0000000087f00000|  0%| F|  |TS  3|AC  0|TAMS 0x0000000087e00000, 0x0000000087e00000|
|  79|0x0000000087f00000, 0x0000000087f00000, 0x0000000088000000|  0%| F|  |TS  3|AC  0|TAMS 0x0000000087f00000, 0x0000000087f00000|
|  80|0x0000000088000000, 0x0000000088000000, 0x0000000088100000|  0%| F|  |TS  3|AC  0|TAMS 0x0000000088000000, 0x0000000088000000|
|  81|0x0000000088100000, 0x0000000088100000, 0x0000000088200000|  0%| F|  |TS  3|AC  0|TAMS 0x0000000088100000, 0x0000000088100000|
|  82|0x0000000088200000, 0x0000000088200000, 0x0000000088300000|  0%| F|  |TS  3|AC  0|TAMS 0x0000000088200000, 0x0000000088200000|
|  83|0x0000000088300000, 0x0000000088300000, 0x0000000088400000|  0%| F|  |TS  3|AC  0|TAMS 0x0000000088300000, 0x0000000088300000|
|  84|0x0000000088400000, 0x0000000088400000, 0x0000000088500000|  0%| F|  |TS  3|AC  0|TAMS 0x0000000088400000, 0x0000000088400000|
|  85|0x0000000088500000, 0x0000000088500000, 0x0000000088600000|  0%| F|  |TS  3|AC  0|TAMS 0x0000000088500000, 0x0000000088500000|
|  86|0x0000000088600000, 0x0000000088600000, 0x0000000088700000|  0%| F|  |TS  3|AC  0|TAMS 0x0000000088600000, 0x0000000088600000|
|  87|0x0000000088700000, 0x0000000088700000, 0x0000000088800000|  0%| F|  |TS  3|AC  0|TAMS 0x0000000088700000, 0x0000000088700000|
|  88|0x0000000088800000, 0x0000000088800000, 0x0000000088900000|  0%| F|  |TS  3|AC  0|TAMS 0x0000000088800000, 0x0000000088800000|
|  89|0x0000000088900000, 0x0000000088900000, 0x0000000088a00000|  0%| F|  |TS  3|AC  0|TAMS 0x0000000088900000, 0x0000000088900000|
|  90|0x0000000088a00000, 0x0000000088a00000, 0x0000000088b00000|  0%| F|  |TS  3|AC  0|TAMS 0x0000000088a00000, 0x0000000088a00000|
|  91|0x0000000088b00000, 0x0000000088b00000, 0x0000000088c00000|  0%| F|  |TS  3|AC  0|TAMS 0x0000000088b00000, 0x0000000088b00000|
|  92|0x0000000088c00000, 0x0000000088c00000, 0x0000000088d00000|  0%| F|  |TS  3|AC  0|TAMS 0x0000000088c00000, 0x0000000088c00000|
|  93|0x0000000088d00000, 0x0000000088d00000, 0x0000000088e00000|  0%| F|  |TS  3|AC  0|TAMS 0x0000000088d00000, 0x0000000088d00000|
|  94|0x0000000088e00000, 0x0000000088e00000, 0x0000000088f00000|  0%| F|  |TS  3|AC  0|TAMS 0x0000000088e00000, 0x0000000088e00000|
|  95|0x0000000088f00000, 0x0000000088f00000, 0x0000000089000000|  0%| F|  |TS  3|AC  0|TAMS 0x0000000088f00000, 0x0000000088f00000|
|  96|0x0000000089000000, 0x0000000089000000, 0x0000000089100000|  0%| F|  |TS  3|AC  0|TAMS 0x0000000089000000, 0x0000000089000000|
|  97|0x0000000089100000, 0x0000000089100000, 0x0000000089200000|  0%| F|  |TS  3|AC  0|TAMS 0x0000000089100000, 0x0000000089100000|
|  98|0x0000000089200000, 0x0000000089200000, 0x0000000089300000|  0%| F|  |TS  3|AC  0|TAMS 0x0000000089200000, 0x0000000089200000|
|  99|0x0000000089300000, 0x0000000089300000, 0x0000000089400000|  0%| F|  |TS  3|AC  0|TAMS 0x0000000089300000, 0x0000000089300000|
| 100|0x0000000089400000, 0x0000000089400000, 0x0000000089500000|  0%| F|  |TS  3|AC  0|TAMS 0x0000000089400000, 0x0000000089400000|
| 101|0x0000000089500000, 0x0000000089500000, 0x0000000089600000|  0%| F|  |TS  3|AC  0|TAMS 0x0000000089500000, 0x0000000089500000|
| 102|0x0000000089600000, 0x0000000089600000, 0x0000000089700000|  0%| F|  |TS  3|AC  0|TAMS 0x0000000089600000, 0x0000000089600000|
| 103|0x0000000089700000, 0x0000000089700000, 0x0000000089800000|  0%| F|  |TS  3|AC  0|TAMS 0x0000000089700000, 0x0000000089700000|
| 104|0x0000000089800000, 0x0000000089800000, 0x0000000089900000|  0%| F|  |TS  3|AC  0|TAMS 0x0000000089800000, 0x0000000089800000|
| 105|0x0000000089900000, 0x0000000089900000, 0x0000000089a00000|  0%| F|  |TS  3|AC  0|TAMS 0x0000000089900000, 0x0000000089900000|
| 106|0x0000000089a00000, 0x0000000089a00000, 0x0000000089b00000|  0%| F|  |TS  3|AC  0|TAMS 0x0000000089a00000, 0x0000000089a00000|
| 107|0x0000000089b00000, 0x0000000089b00000, 0x0000000089c00000|  0%| F|  |TS  3|AC  0|TAMS 0x0000000089b00000, 0x0000000089b00000|
| 108|0x0000000089c00000, 0x0000000089c00000, 0x0000000089d00000|  0%| F|  |TS  3|AC  0|TAMS 0x0000000089c00000, 0x0000000089c00000|
| 109|0x0000000089d00000, 0x0000000089d00000, 0x0000000089e00000|  0%| F|  |TS  3|AC  0|TAMS 0x0000000089d00000, 0x0000000089d00000|
| 110|0x0000000089e00000, 0x0000000089e00000, 0x0000000089f00000|  0%| F|  |TS  3|AC  0|TAMS 0x0000000089e00000, 0x0000000089e00000|
| 111|0x0000000089f00000, 0x0000000089f00000, 0x000000008a000000|  0%| F|  |TS  3|AC  0|TAMS 0x0000000089f00000, 0x0000000089f00000|
| 112|0x000000008a000000, 0x000000008a000000, 0x000000008a100000|  0%| F|  |TS  3|AC  0|TAMS 0x000000008a000000, 0x000000008a000000|
| 113|0x000000008a100000, 0x000000008a100000, 0x000000008a200000|  0%| F|  |TS  3|AC  0|TAMS 0x000000008a100000, 0x000000008a100000|
| 114|0x000000008a200000, 0x000000008a200000, 0x000000008a300000|  0%| F|  |TS  3|AC  0|TAMS 0x000000008a200000, 0x000000008a200000|
| 115|0x000000008a300000, 0x000000008a300000, 0x000000008a400000|  0%| F|  |TS  3|AC  0|TAMS 0x000000008a300000, 0x000000008a300000|
| 116|0x000000008a400000, 0x000000008a400000, 0x000000008a500000|  0%| F|  |TS  3|AC  0|TAMS 0x000000008a400000, 0x000000008a400000|
| 117|0x000000008a500000, 0x000000008a500000, 0x000000008a600000|  0%| F|  |TS  3|AC  0|TAMS 0x000000008a500000, 0x000000008a500000|
| 118|0x000000008a600000, 0x000000008a600000, 0x000000008a700000|  0%| F|  |TS  3|AC  0|TAMS 0x000000008a600000, 0x000000008a600000|
| 119|0x000000008a700000, 0x000000008a700000, 0x000000008a800000|  0%| F|  |TS  3|AC  0|TAMS 0x000000008a700000, 0x000000008a700000|
| 120|0x000000008a800000, 0x000000008a800000, 0x000000008a900000|  0%| F|  |TS  3|AC  0|TAMS 0x000000008a800000, 0x000000008a800000|
| 121|0x000000008a900000, 0x000000008a900000, 0x000000008aa00000|  0%| F|  |TS  3|AC  0|TAMS 0x000000008a900000, 0x000000008a900000|
| 122|0x000000008aa00000, 0x000000008aa00000, 0x000000008ab00000|  0%| F|  |TS  3|AC  0|TAMS 0x000000008aa00000, 0x000000008aa00000|
| 123|0x000000008ab00000, 0x000000008ab00000, 0x000000008ac00000|  0%| F|  |TS  3|AC  0|TAMS 0x000000008ab00000, 0x000000008ab00000|
| 124|0x000000008ac00000, 0x000000008ac00000, 0x000000008ad00000|  0%| F|  |TS  3|AC  0|TAMS 0x000000008ac00000, 0x000000008ac00000|
| 125|0x000000008ad00000, 0x000000008ad00000, 0x000000008ae00000|  0%| F|  |TS  3|AC  0|TAMS 0x000000008ad00000, 0x000000008ad00000|

Card table byte_map: [0x0000028acc540000,0x0000028acc930000] byte_map_base: 0x0000028acc128000

Marking Bits (Prev, Next): (CMBitMap*) 0x0000028ad0be3098, (CMBitMap*) 0x0000028ad0be3060
 Prev Bits: [0x0000028acec60000, 0x0000028ad0ba0000)
 Next Bits: [0x0000028accd20000, 0x0000028acec60000)

Polling page: 0x0000028ab0310000

CodeHeap 'non-profiled nmethods': size=120000Kb used=2522Kb max_used=2522Kb free=117477Kb
 bounds [0x0000028ac3eb0000, 0x0000028ac4130000, 0x0000028acb3e0000]
CodeHeap 'profiled nmethods': size=120000Kb used=11396Kb max_used=11396Kb free=108603Kb
 bounds [0x0000028abc980000, 0x0000028abd4b0000, 0x0000028ac3eb0000]
CodeHeap 'non-nmethods': size=5760Kb used=1315Kb max_used=1341Kb free=4444Kb
 bounds [0x0000028abc3e0000, 0x0000028abc650000, 0x0000028abc980000]
 total_blobs=6326 nmethods=4623 adapters=433
 compilation: enabled

Compilation events (10 events):
Event: 47.547 Thread 0x0000028ad3f78000 4625       4       org.apache.http.util.CharArrayBuffer::append (158 bytes)
Event: 47.551 Thread 0x0000028ad3f78000 nmethod 4625 0x0000028ac4125190 code [0x0000028ac4125320, 0x0000028ac41255b8]
Event: 47.552 Thread 0x0000028ad3f8e000 4626       3       java.net.URI::getRawSchemeSpecificPart (156 bytes)
Event: 47.553 Thread 0x0000028ad3f8e000 nmethod 4626 0x0000028abd49e410 code [0x0000028abd49e740, 0x0000028abd4a0330]
Event: 47.557 Thread 0x0000028ad3f8e000 4627       3       java.util.TreeSet::size (10 bytes)
Event: 47.557 Thread 0x0000028ad3f8e000 nmethod 4627 0x0000028abd4a0a10 code [0x0000028abd4a0bc0, 0x0000028abd4a0df0]
Event: 47.593 Thread 0x0000028ad3f7d000 4628       4       org.apache.http.message.BasicListHeaderIterator::filterHeader (37 bytes)
Event: 47.604 Thread 0x0000028ad3f7d000 nmethod 4628 0x0000028ac4125790 code [0x0000028ac4125980, 0x0000028ac4126268]
Event: 47.623 Thread 0x0000028ad3f8e000 4629       3       java.util.Date::<init> (8 bytes)
Event: 47.623 Thread 0x0000028ad3f8e000 nmethod 4629 0x0000028abd4a0e90 code [0x0000028abd4a1040, 0x0000028abd4a1278]

GC Heap History (10 events):
Event: 0.744 GC heap after
{Heap after GC invocations=1 (full 0):
 garbage-first heap   total 129024K, used 8678K [0x0000000083000000, 0x00000000831003f0, 0x0000000100000000)
  region size 1024K, 3 young (3072K), 3 survivors (3072K)
 Metaspace       used 9558K, capacity 9826K, committed 9984K, reserved 1058816K
  class space    used 917K, capacity 963K, committed 1024K, reserved 1048576K
}
Event: 1.037 GC heap before
{Heap before GC invocations=1 (full 0):
 garbage-first heap   total 129024K, used 31206K [0x0000000083000000, 0x00000000831003f0, 0x0000000100000000)
  region size 1024K, 25 young (25600K), 3 survivors (3072K)
 Metaspace       used 12697K, capacity 13196K, committed 13312K, reserved 1060864K
  class space    used 1316K, capacity 1438K, committed 1536K, reserved 1048576K
}
Event: 1.042 GC heap after
{Heap after GC invocations=2 (full 0):
 garbage-first heap   total 129024K, used 10892K [0x0000000083000000, 0x00000000831003f0, 0x0000000100000000)
  region size 1024K, 3 young (3072K), 3 survivors (3072K)
 Metaspace       used 12697K, capacity 13196K, committed 13312K, reserved 1060864K
  class space    used 1316K, capacity 1438K, committed 1536K, reserved 1048576K
}
Event: 1.772 GC heap before
{Heap before GC invocations=2 (full 0):
 garbage-first heap   total 129024K, used 60044K [0x0000000083000000, 0x00000000831003f0, 0x0000000100000000)
  region size 1024K, 51 young (52224K), 3 survivors (3072K)
 Metaspace       used 18014K, capacity 18538K, committed 18816K, reserved 1067008K
  class space    used 2012K, capacity 2147K, committed 2176K, reserved 1048576K
}
Event: 1.778 GC heap after
{Heap after GC invocations=3 (full 0):
 garbage-first heap   total 129024K, used 15001K [0x0000000083000000, 0x00000000831003f0, 0x0000000100000000)
  region size 1024K, 7 young (7168K), 7 survivors (7168K)
 Metaspace       used 18014K, capacity 18538K, committed 18816K, reserved 1067008K
  class space    used 2012K, capacity 2147K, committed 2176K, reserved 1048576K
}
Event: 2.517 GC heap before
{Heap before GC invocations=3 (full 0):
 garbage-first heap   total 129024K, used 79513K [0x0000000083000000, 0x00000000831003f0, 0x0000000100000000)
  region size 1024K, 71 young (72704K), 7 survivors (7168K)
 Metaspace       used 20635K, capacity 21118K, committed 21296K, reserved 1069056K
  class space    used 2224K, capacity 2355K, committed 2432K, reserved 1048576K
}
Event: 2.522 GC heap after
{Heap after GC invocations=4 (full 0):
 garbage-first heap   total 129024K, used 13836K [0x0000000083000000, 0x00000000831003f0, 0x0000000100000000)
  region size 1024K, 4 young (4096K), 4 survivors (4096K)
 Metaspace       used 20635K, capacity 21118K, committed 21296K, reserved 1069056K
  class space    used 2224K, capacity 2355K, committed 2432K, reserved 1048576K
}
Event: 3.301 GC heap before
{Heap before GC invocations=5 (full 0):
 garbage-first heap   total 129024K, used 86540K [0x0000000083000000, 0x00000000831003f0, 0x0000000100000000)
  region size 1024K, 75 young (76800K), 4 survivors (4096K)
 Metaspace       used 26586K, capacity 27184K, committed 27520K, reserved 1073152K
  class space    used 2971K, capacity 3116K, committed 3200K, reserved 1048576K
}
Event: 3.309 GC heap after
{Heap after GC invocations=6 (full 0):
 garbage-first heap   total 129024K, used 18642K [0x0000000083000000, 0x00000000831003f0, 0x0000000100000000)
  region size 1024K, 9 young (9216K), 9 survivors (9216K)
 Metaspace       used 26586K, capacity 27184K, committed 27520K, reserved 1073152K
  class space    used 2971K, capacity 3116K, committed 3200K, reserved 1048576K
}
Event: 47.625 GC heap before
{Heap before GC invocations=6 (full 0):
 garbage-first heap   total 129024K, used 86226K [0x0000000083000000, 0x00000000831003f0, 0x0000000100000000)
  region size 1024K, 75 young (76800K), 9 survivors (9216K)
 Metaspace       used 34518K, capacity 35336K, committed 35456K, reserved 1081344K
  class space    used 3985K, capacity 4198K, committed 4224K, reserved 1048576K
}

Deoptimization events (10 events):
Event: 3.697 Thread 0x0000028ad9a0d800 Uncommon trap: reason=unstable_if action=reinterpret pc=0x0000028ac4095018 method=java.lang.String.valueOf(Ljava/lang/Object;)Ljava/lang/String; @ 1 c2
Event: 3.699 Thread 0x0000028ad9a0d800 Uncommon trap: reason=unstable_if action=reinterpret pc=0x0000028ac40b5de4 method=java.io.ByteArrayInputStream.read([BII)I @ 63 c2
Event: 3.706 Thread 0x0000028ad9a0d800 Uncommon trap: reason=unstable_if action=reinterpret pc=0x0000028ac3f1b668 method=java.lang.String.replace(CC)Ljava/lang/String; @ 2 c2
Event: 3.707 Thread 0x0000028ad9a0d800 Uncommon trap: reason=bimorphic_or_optimized_type_check action=maybe_recompile pc=0x0000028ac401a99c method=java.net.URL.<init>(Ljava/net/URL;Ljava/lang/String;Ljava/net/URLStreamHandler;)V @ 507 c2
Event: 4.247 Thread 0x0000028ad9a0d800 Uncommon trap: reason=unstable_if action=reinterpret pc=0x0000028ac3fe7ac4 method=java.util.regex.Pattern.escape(ZZZ)I @ 1264 c2
Event: 4.393 Thread 0x0000028ad9a0d800 Uncommon trap: reason=unstable_if action=reinterpret pc=0x0000028ac3f55a1c method=sun.net.www.ParseUtil.encodePath(Ljava/lang/String;Z)Ljava/lang/String; @ 1 c2
Event: 9.689 Thread 0x0000028ad9a0d800 Uncommon trap: reason=unstable_if action=reinterpret pc=0x0000028ac3f53574 method=java.lang.AbstractStringBuilder.putStringAt(ILjava/lang/String;)V @ 8 c2
Event: 9.689 Thread 0x0000028ad9a0d800 Uncommon trap: reason=unstable_if action=reinterpret pc=0x0000028ac40badb4 method=java.lang.String.indexOf(Ljava/lang/String;)I @ 15 c2
Event: 38.405 Thread 0x0000028ad9a0d800 Uncommon trap: reason=unstable_if action=reinterpret pc=0x0000028ac3fea854 method=java.util.HashMap$HashIterator.<init>(Ljava/util/HashMap;)V @ 45 c2
Event: 38.405 Thread 0x0000028ad9a0d800 Uncommon trap: reason=unstable_if action=reinterpret pc=0x0000028ac41074fc method=java.util.HashMap$HashIterator.<init>(Ljava/util/HashMap;)V @ 45 c2

Classes redefined (0 events):
No events

Internal exceptions (10 events):
Event: 47.530 Thread 0x0000028ad9a0d800 Exception <a 'java/net/SocketTimeoutException'{0x0000000086c74490}: Read timed out> (0x0000000086c74490) thrown at [t:/workspace/hotspot/src/share/vm/prims/jni.cpp, line 625]
Event: 47.540 Thread 0x0000028ad9a0d800 Exception <a 'java/net/SocketTimeoutException'{0x0000000086c82c60}: Read timed out> (0x0000000086c82c60) thrown at [t:/workspace/hotspot/src/share/vm/prims/jni.cpp, line 625]
Event: 47.549 Thread 0x0000028ad9a0d800 Exception <a 'java/net/SocketTimeoutException'{0x0000000086c911d8}: Read timed out> (0x0000000086c911d8) thrown at [t:/workspace/hotspot/src/share/vm/prims/jni.cpp, line 625]
Event: 47.554 Thread 0x0000028ad9a0d800 Exception <a 'java/net/SocketTimeoutException'{0x0000000086c9ee08}: Read timed out> (0x0000000086c9ee08) thrown at [t:/workspace/hotspot/src/share/vm/prims/jni.cpp, line 625]
Event: 47.557 Thread 0x0000028ad9a0d800 Exception <a 'java/net/SocketTimeoutException'{0x0000000086cad880}: Read timed out> (0x0000000086cad880) thrown at [t:/workspace/hotspot/src/share/vm/prims/jni.cpp, line 625]
Event: 47.585 Thread 0x0000028ad9a0d800 Exception <a 'java/net/SocketTimeoutException'{0x0000000086cbbeb8}: Read timed out> (0x0000000086cbbeb8) thrown at [t:/workspace/hotspot/src/share/vm/prims/jni.cpp, line 625]
Event: 47.604 Thread 0x0000028ad9a0d800 Exception <a 'java/net/SocketTimeoutException'{0x0000000086cd06c0}: Read timed out> (0x0000000086cd06c0) thrown at [t:/workspace/hotspot/src/share/vm/prims/jni.cpp, line 625]
Event: 47.613 Thread 0x0000028ad9a0d800 Exception <a 'java/net/SocketTimeoutException'{0x0000000086cdee90}: Read timed out> (0x0000000086cdee90) thrown at [t:/workspace/hotspot/src/share/vm/prims/jni.cpp, line 625]
Event: 47.620 Thread 0x0000028ad9a0d800 Exception <a 'java/net/SocketTimeoutException'{0x0000000086ced408}: Read timed out> (0x0000000086ced408) thrown at [t:/workspace/hotspot/src/share/vm/prims/jni.cpp, line 625]
Event: 47.623 Thread 0x0000028ad9a0d800 Exception <a 'java/net/SocketTimeoutException'{0x0000000086cfb278}: Read timed out> (0x0000000086cfb278) thrown at [t:/workspace/hotspot/src/share/vm/prims/jni.cpp, line 625]

Events (10 events):
Event: 38.406 loading class org/openqa/selenium/interactions/Actions$BuiltAction done
Event: 38.406 loading class com/google/common/base/Throwables
Event: 38.406 loading class com/google/common/base/Throwables done
Event: 38.407 loading class sun/misc/SharedSecrets
Event: 38.407 loading class sun/misc/SharedSecrets done
Event: 38.407 loading class org/openqa/selenium/remote/RemoteWebElement$1
Event: 38.407 loading class org/openqa/selenium/remote/RemoteWebElement$1 done
Event: 41.647 Thread 0x0000028ad9a0d800 DEOPT PACKING pc=0x0000028abd256cb6 sp=0x0000009e389fce90
Event: 41.647 Thread 0x0000028ad9a0d800 DEOPT UNPACKING pc=0x0000028abc42dd3f sp=0x0000009e389fc390 mode 0
Event: 47.625 Executing VM operation: G1IncCollectionPause


Dynamic libraries:
0x00007ff649860000 - 0x00007ff64989e000 	C:\Program Files\Java\jdk-9.0.1\bin\java.exe
0x00007ff9835d0000 - 0x00007ff9837b1000 	C:\WINDOWS\SYSTEM32\ntdll.dll
0x00007ff962bd0000 - 0x00007ff962c04000 	C:\Program Files\AVAST Software\Avast\x64\aswhooka.dll
0x00007ff9834e0000 - 0x00007ff983592000 	C:\WINDOWS\System32\KERNEL32.DLL
0x00007ff97f9f0000 - 0x00007ff97fc63000 	C:\WINDOWS\System32\KERNELBASE.dll
0x00007ff981710000 - 0x00007ff9817b1000 	C:\WINDOWS\System32\ADVAPI32.dll
0x00007ff981210000 - 0x00007ff9812ae000 	C:\WINDOWS\System32\msvcrt.dll
0x00007ff982f80000 - 0x00007ff982fdb000 	C:\WINDOWS\System32\sechost.dll
0x00007ff9812e0000 - 0x00007ff981404000 	C:\WINDOWS\System32\RPCRT4.dll
0x00007ff980cb0000 - 0x00007ff980e40000 	C:\WINDOWS\System32\USER32.dll
0x00007ff980a40000 - 0x00007ff980a60000 	C:\WINDOWS\System32\win32u.dll
0x00007ff982f50000 - 0x00007ff982f78000 	C:\WINDOWS\System32\GDI32.dll
0x00007ff9808a0000 - 0x00007ff980a32000 	C:\WINDOWS\System32\gdi32full.dll
0x00007ff980500000 - 0x00007ff98059f000 	C:\WINDOWS\System32\msvcp_win.dll
0x00007ff97fc70000 - 0x00007ff97fd6a000 	C:\WINDOWS\System32\ucrtbase.dll
0x00007ff972890000 - 0x00007ff972af9000 	C:\WINDOWS\WinSxS\amd64_microsoft.windows.common-controls_6595b64144ccf1df_6.0.17134.48_none_b4b2216a3cb4dd3e\COMCTL32.dll
0x00007ff980ee0000 - 0x00007ff981203000 	C:\WINDOWS\System32\combase.dll
0x00007ff980480000 - 0x00007ff9804fa000 	C:\WINDOWS\System32\bcryptPrimitives.dll
0x00007ff97e4e0000 - 0x00007ff97e4ea000 	C:\WINDOWS\SYSTEM32\VERSION.dll
0x00007ff981620000 - 0x00007ff98164d000 	C:\WINDOWS\System32\IMM32.DLL
0x00007ff9747a0000 - 0x00007ff97488f000 	C:\Program Files\Java\jdk-9.0.1\bin\msvcr120.dll
0x00007ff97c2a0000 - 0x00007ff97c346000 	C:\Program Files\Java\jdk-9.0.1\bin\msvcp120.dll
0x0000000062f80000 - 0x00000000639a4000 	C:\Program Files\Java\jdk-9.0.1\bin\server\jvm.dll
0x00007ff982df0000 - 0x00007ff982df8000 	C:\WINDOWS\System32\PSAPI.DLL
0x00007ff9674f0000 - 0x00007ff9674f9000 	C:\WINDOWS\SYSTEM32\WSOCK32.dll
0x00007ff981410000 - 0x00007ff98147c000 	C:\WINDOWS\System32\WS2_32.dll
0x00007ff979be0000 - 0x00007ff979c03000 	C:\WINDOWS\SYSTEM32\WINMM.dll
0x00007ff979bb0000 - 0x00007ff979bda000 	C:\WINDOWS\SYSTEM32\WINMMBASE.dll
0x00007ff97f9a0000 - 0x00007ff97f9e9000 	C:\WINDOWS\System32\cfgmgr32.dll
0x00007ff97c290000 - 0x00007ff97c29f000 	C:\Program Files\Java\jdk-9.0.1\bin\verify.dll
0x00007ff977e70000 - 0x00007ff977e97000 	C:\Program Files\Java\jdk-9.0.1\bin\java.dll
0x00007ff977e40000 - 0x00007ff977e6a000 	C:\Program Files\Java\jdk-9.0.1\bin\instrument.dll
0x00007ff97c270000 - 0x00007ff97c286000 	C:\Program Files\Java\jdk-9.0.1\bin\zip.dll
0x00007ff97c230000 - 0x00007ff97c23a000 	C:\Program Files\Java\jdk-9.0.1\bin\jimage.dll
0x00007ff9819a0000 - 0x00007ff982de0000 	C:\WINDOWS\System32\SHELL32.dll
0x00007ff983430000 - 0x00007ff9834d9000 	C:\WINDOWS\System32\shcore.dll
0x00007ff97fd70000 - 0x00007ff98047d000 	C:\WINDOWS\System32\windows.storage.dll
0x00007ff9817c0000 - 0x00007ff981811000 	C:\WINDOWS\System32\shlwapi.dll
0x00007ff97f8e0000 - 0x00007ff97f8f1000 	C:\WINDOWS\System32\kernel.appcore.dll
0x00007ff97f910000 - 0x00007ff97f92f000 	C:\WINDOWS\System32\profapi.dll
0x00007ff97f950000 - 0x00007ff97f99c000 	C:\WINDOWS\System32\powrprof.dll
0x00007ff97f900000 - 0x00007ff97f90a000 	C:\WINDOWS\System32\FLTLIB.DLL
0x00007ff97aa20000 - 0x00007ff97aa3a000 	C:\Program Files\Java\jdk-9.0.1\bin\net.dll
0x00007ff97cfe0000 - 0x00007ff97d0bd000 	C:\WINDOWS\SYSTEM32\WINHTTP.dll
0x00007ff97f110000 - 0x00007ff97f176000 	C:\WINDOWS\system32\mswsock.dll
0x00007ff977e20000 - 0x00007ff977e31000 	C:\Program Files\Java\jdk-9.0.1\bin\nio.dll
0x00007ff977de0000 - 0x00007ff977dfa000 	C:\Program Files\JetBrains\IntelliJ IDEA Community Edition 2018.1.4\bin\breakgen64.dll
0x00007ff97f6e0000 - 0x00007ff97f6f7000 	C:\WINDOWS\SYSTEM32\CRYPTSP.dll
0x00007ff97eca0000 - 0x00007ff97ecd3000 	C:\WINDOWS\system32\rsaenh.dll
0x00007ff97f690000 - 0x00007ff97f6b5000 	C:\WINDOWS\SYSTEM32\bcrypt.dll
0x00007ff97f810000 - 0x00007ff97f838000 	C:\WINDOWS\SYSTEM32\USERENV.dll
0x00007ff97f670000 - 0x00007ff97f67b000 	C:\WINDOWS\SYSTEM32\CRYPTBASE.dll
0x00007ff97eea0000 - 0x00007ff97eed8000 	C:\WINDOWS\SYSTEM32\IPHLPAPI.DLL
0x00007ff9812b0000 - 0x00007ff9812b8000 	C:\WINDOWS\System32\NSI.dll
0x00007ff97d6f0000 - 0x00007ff97d706000 	C:\WINDOWS\SYSTEM32\dhcpcsvc6.DLL
0x00007ff97d6c0000 - 0x00007ff97d6da000 	C:\WINDOWS\SYSTEM32\dhcpcsvc.DLL
0x00007ff97eef0000 - 0x00007ff97efae000 	C:\WINDOWS\SYSTEM32\DNSAPI.dll
0x00007ff97b490000 - 0x00007ff97b49a000 	C:\Windows\System32\rasadhlp.dll
0x00007ff97d730000 - 0x00007ff97d7a2000 	C:\WINDOWS\System32\fwpuclnt.dll
0x00007ff974740000 - 0x00007ff974763000 	C:\Program Files\Java\jdk-9.0.1\bin\sunec.dll
0x00007ff976070000 - 0x00007ff976086000 	C:\WINDOWS\system32\napinsp.dll
0x00007ff976050000 - 0x00007ff97606a000 	C:\WINDOWS\system32\pnrpnsp.dll
0x00007ff97c0b0000 - 0x00007ff97c0c9000 	C:\WINDOWS\system32\NLAapi.dll
0x00007ff976350000 - 0x00007ff97635e000 	C:\WINDOWS\System32\winrnr.dll
0x00007ff970aa0000 - 0x00007ff970c69000 	C:\WINDOWS\SYSTEM32\dbghelp.dll

VM Arguments:
jvm_args: -ea -Didea.test.cyclic.buffer.size=1048576 -javaagent:C:\Program Files\JetBrains\IntelliJ IDEA Community Edition 2018.1.4\lib\idea_rt.jar=57709:C:\Program Files\JetBrains\IntelliJ IDEA Community Edition 2018.1.4\bin -Dfile.encoding=UTF-8 
java_command: com.intellij.rt.execution.junit.JUnitStarter -ideVersion5 -junit4 com.harriague.automate.web.steps.run
java_class_path (initial): C:\Program Files\JetBrains\IntelliJ IDEA Community Edition 2018.1.4\lib\idea_rt.jar;C:\Program Files\JetBrains\IntelliJ IDEA Community Edition 2018.1.4\plugins\junit\lib\junit-rt.jar;C:\Program Files\JetBrains\IntelliJ IDEA Community Edition 2018.1.4\plugins\junit\lib\junit5-rt.jar;D:\Repositorios\automate\Gestar\target\test-classes;D:\Repositorios\automate\Gestar\target\classes;D:\Repositorios\automate\QCAFrameworks\QCAFrameworks-master\QCAFrameworkWindowsWeb\target\classes;C:\Users\rcrespillo\.m2\repository\org\seleniumhq\selenium\selenium-ie-driver\3.4.0\selenium-ie-driver-3.4.0.jar;C:\Users\rcrespillo\.m2\repository\cglib\cglib-nodep\3.2.4\cglib-nodep-3.2.4.jar;C:\Users\rcrespillo\.m2\repository\org\apache\commons\commons-exec\1.3\commons-exec-1.3.jar;C:\Users\rcrespillo\.m2\repository\commons-codec\commons-codec\1.10\commons-codec-1.10.jar;C:\Users\rcrespillo\.m2\repository\commons-logging\commons-logging\1.2\commons-logging-1.2.jar;C:\Users\rcrespillo\.m2\repository\com\google\code\gson\gson\2.8.0\gson-2.8.0.jar;C:\Users\rcrespillo\.m2\repository\com\google\guava\guava\21.0\guava-21.0.jar;C:\Users\rcrespillo\.m2\repository\org\apache\httpcomponents\httpclient\4.5.3\httpclient-4.5.3.jar;C:\Users\rcrespillo\.m2\repository\org\apache\httpcomponents\httpcore\4.4.6\httpcore-4.4.6.jar;C:\Users\rcrespillo\.m2\repository\net\java\dev\jna\jna\4.1.0\jna-4.1.0.jar;C:\Users\rcrespillo\.m2\repository\net\java\dev\jna\jna-platform\4.1.0\jna-platform-4.1.0.jar;C:\Users\rcrespillo\.m2\repository\org\seleniumhq\selenium\selenium-firefox-driver\3.4.0\selenium-firefox-driver-3.4.0.jar;C:\Users\rcrespillo\.m2\repository\org\seleniumhq\selenium\selenium-java\2.53.1\selenium-java-2.53.1.jar;C:\Users\rcrespillo\.m2\repository\org\seleniumhq\selenium\selenium-chrome-driver\2.53.1\selenium-chrome-driver-2.53.1.jar;C:\Users\rcrespillo\.m2\repository\org\seleniumhq\selenium\selenium-edge-driver\2.53.1\selenium-edge-driver-2.53.1.jar;C:\Users\rcrespillo\.m2\r
Launcher Type: SUN_STANDARD

Logging:
Log output configuration:
#0: stdout all=warning uptime,level,tags
#1: stderr all=off uptime,level,tags

Environment Variables:
JAVA_HOME=C:\Program Files\Java\jdk1.8.0_161
PATH=C:\Program Files\Docker\Docker\Resources\bin;C:\ProgramData\Oracle\Java\javapath;C:\WINDOWS\system32;C:\WINDOWS;C:\WINDOWS\System32\Wbem;C:\WINDOWS\System32\WindowsPowerShell\v1.0\;C:\Program Files\PuTTY\;C:\Program Files (x86)\Skype\Phone\;C:\Program Files\Java\jdk1.8.0_161\bin;c:\Program Files (x86)\Microsoft SQL Server\100\Tools\Binn\VSShell\Common7\IDE\;c:\Program Files (x86)\Microsoft SQL Server\100\Tools\Binn\;c:\Program Files\Microsoft SQL Server\100\Tools\Binn\;c:\Program Files (x86)\Microsoft SQL Server\100\DTS\Binn\;C:\WINDOWS\system32\config\systemprofile\.dnx\bin;C:\Program Files\Microsoft DNX\Dnvm\;C:\Program Files\Microsoft SQL Server\120\Tools\Binn\;C:\Program Files\TortoiseSVN\bin;C:\Program Files\Microsoft SQL Server\130\Tools\Binn\;C:\Program Files\Apache\maven\bin;C:\Program Files\Apache\maven\bin;;C:\WINDOWS\System32\OpenSSH\;C:\Users\rcrespillo\AppData\Local\Programs\Python\Python36-32\Scripts\;C:\Users\rcrespillo\AppData\Local\Programs\Python\Python36-32\;C:\Users\rcrespillo\AppData\Local\Microsoft\WindowsApps;;C:\Program Files\Microsoft VS Code\bin
USERNAME=rcrespillo
OS=Windows_NT
PROCESSOR_IDENTIFIER=Intel64 Family 6 Model 58 Stepping 9, GenuineIntel



---------------  S Y S T E M  ---------------

OS: Windows 10 , 64 bit Build 17134 (10.0.17134.1)

CPU:total 8 (initial active 8) (4 cores per cpu, 2 threads per core) family 6 model 58 stepping 9, cmov, cx8, fxsr, mmx, sse, sse2, sse3, ssse3, sse4.1, sse4.2, popcnt, avx, aes, clmul, erms, ht, tsc, tscinvbit, tscinv

Memory: 4k page, physical 8189904k(668872k free), swap 8189904k(28760k free)

vm_info: Java HotSpot(TM) 64-Bit Server VM (9.0.1+11) for windows-amd64 JRE (9.0.1+11), built on Sep 28 2017 04:54:03 by "mach5one" with MS VC++ 12.0 (VS2013)

END.
