#
# There is insufficient memory for the Java Runtime Environment to continue.
# Native memory allocation (malloc) failed to allocate 32744 bytes for ChunkPool::allocate
# Possible reasons:
#   The system is out of physical RAM or swap space
#   In 32 bit mode, the process size limit was hit
# Possible solutions:
#   Reduce memory load on the system
#   Increase physical memory or swap space
#   Check if swap backing store is full
#   Use 64 bit Java on a 64 bit OS
#   Decrease Java heap size (-Xmx/-Xms)
#   Decrease number of Java threads
#   Decrease Java thread stack sizes (-Xss)
#   Set larger code cache with -XX:ReservedCodeCacheSize=
# This output file may be truncated or incomplete.
#
#  Out of Memory Error (allocation.cpp:273), pid=9832, tid=0x0000000000000828
#
# JRE version: Java(TM) SE Runtime Environment (8.0_161-b12) (build 1.8.0_161-b12)
# Java VM: Java HotSpot(TM) 64-Bit Server VM (25.161-b12 mixed mode windows-amd64 compressed oops)
# Failed to write core dump. Minidumps are not enabled by default on client versions of Windows
#

---------------  T H R E A D  ---------------

Current thread (0x000000001b365800):  JavaThread "C1 CompilerThread3" daemon [_thread_in_native, id=2088, stack(0x000000001bf40000,0x000000001c040000)]

Stack: [0x000000001bf40000,0x000000001c040000]
[error occurred during error reporting (printing stack bounds), id 0xc0000005]

Native frames: (J=compiled Java code, j=interpreted, Vv=VM code, C=native code)


Current CompileTask:
C1:   4530 3931       3       com.sun.tools.javac.parser.JavacParser::term3 (2502 bytes)


---------------  P R O C E S S  ---------------

Java Threads: ( => current thread )
  0x000000001b3f2000 JavaThread "Service Thread" daemon [_thread_blocked, id=10460, stack(0x000000001c040000,0x000000001c140000)]
=>0x000000001b365800 JavaThread "C1 CompilerThread3" daemon [_thread_in_native, id=2088, stack(0x000000001bf40000,0x000000001c040000)]
  0x000000001b361800 JavaThread "C2 CompilerThread2" daemon [_thread_in_native, id=9596, stack(0x000000001be40000,0x000000001bf40000)]
  0x000000001b360800 JavaThread "C2 CompilerThread1" daemon [_thread_in_native, id=12004, stack(0x000000001bd40000,0x000000001be40000)]
  0x000000001b35f000 JavaThread "C2 CompilerThread0" daemon [_thread_in_native, id=11220, stack(0x000000001bc40000,0x000000001bd40000)]
  0x000000001b358000 JavaThread "Attach Listener" daemon [_thread_blocked, id=2016, stack(0x000000001bb40000,0x000000001bc40000)]
  0x000000001b356000 JavaThread "Signal Dispatcher" daemon [_thread_blocked, id=4136, stack(0x000000001ba40000,0x000000001bb40000)]
  0x0000000019463800 JavaThread "Finalizer" daemon [_thread_blocked, id=5272, stack(0x000000001b730000,0x000000001b830000)]
  0x00000000045a7000 JavaThread "Reference Handler" daemon [_thread_blocked, id=7876, stack(0x000000001b230000,0x000000001b330000)]
  0x00000000043ae800 JavaThread "main" [_thread_in_native, id=13336, stack(0x00000000043b0000,0x00000000044b0000)]

Other Threads:
  0x0000000019459800 VMThread [stack: 0x000000001b130000,0x000000001b230000] [id=12084]
  0x000000001b40d000 WatcherThread [stack: 0x000000001c140000,0x000000001c240000] [id=8856]

VM state:not at safepoint (normal execution)

VM Mutex/Monitor currently owned by a thread: None

Heap:
 PSYoungGen      total 140800K, used 18224K [0x00000000d6580000, 0x00000000e7980000, 0x0000000100000000)
  eden space 130048K, 15% used [0x00000000d6580000,0x00000000d79d1b30,0x00000000de480000)
  from space 10752K, 0% used [0x00000000de480000,0x00000000de480000,0x00000000def00000)
  to   space 11264K, 0% used [0x00000000e6e80000,0x00000000e6e80000,0x00000000e7980000)
 ParOldGen       total 71680K, used 15727K [0x0000000083000000, 0x0000000087600000, 0x00000000d6580000)
  object space 71680K, 21% used [0x0000000083000000,0x0000000083f5bc68,0x0000000087600000)
 Metaspace       used 23157K, capacity 23782K, committed 24064K, reserved 1071104K
  class space    used 2799K, capacity 2961K, committed 3072K, reserved 1048576K

Card table byte_map: [0x0000000013970000,0x0000000013d60000] byte_map_base: 0x0000000013558000

Marking Bits: (ParMarkBitMap*) 0x0000000062c3f860
 Begin Bits: [0x0000000014800000, 0x0000000016740000)
 End Bits:   [0x0000000016740000, 0x0000000018680000)

Polling page: 0x0000000002a70000

CodeCache: size=245760Kb used=14768Kb max_used=14779Kb free=230991Kb
 bounds [0x00000000045b0000, 0x0000000005430000, 0x00000000135b0000]
 total_blobs=4300 nmethods=3911 adapters=301
 compilation: enabled

Compilation events (10 events):
Event: 4.487 Thread 0x000000001b365800 nmethod 3922 0x0000000005423550 code [0x0000000005423740, 0x0000000005423f98]
Event: 4.487 Thread 0x000000001b365800 3931       3       com.sun.tools.javac.parser.JavacParser::term3 (2502 bytes)
Event: 4.489 Thread 0x000000001b360800 nmethod 3929 0x0000000005423210 code [0x0000000005423340, 0x0000000005423498]
Event: 4.489 Thread 0x000000001b360800 3936       4       com.sun.tools.javac.util.Convert::chars2utf (159 bytes)
Event: 4.492 Thread 0x000000001b360800 nmethod 3936 0x0000000005422d50 code [0x0000000005422e80, 0x00000000054230f8]
Event: 4.492 Thread 0x000000001b360800 3937       4       com.sun.tools.javac.util.IntHashTable::lookup (94 bytes)
Event: 4.494 Thread 0x000000001b360800 nmethod 3937 0x0000000005422950 code [0x0000000005422aa0, 0x0000000005422bd8]
Event: 4.494 Thread 0x000000001b360800 3940       4       com.sun.tools.javac.util.IntHashTable::putAtIndex (93 bytes)
Event: 4.496 Thread 0x000000001b360800 nmethod 3940 0x00000000054223d0 code [0x0000000005422520, 0x0000000005422728]
Event: 4.496 Thread 0x000000001b360800 3945       4       com.sun.tools.javac.util.Name$Table::equals (44 bytes)

GC Heap History (10 events):
Event: 1.693 GC heap before
{Heap before GC invocations=4 (full 0):
 PSYoungGen      total 37888K, used 37859K [0x00000000d6580000, 0x00000000daf80000, 0x0000000100000000)
  eden space 32768K, 100% used [0x00000000d6580000,0x00000000d8580000,0x00000000d8580000)
  from space 5120K, 99% used [0x00000000d8580000,0x00000000d8a78f98,0x00000000d8a80000)
  to   space 5120K, 0% used [0x00000000daa80000,0x00000000daa80000,0x00000000daf80000)
 ParOldGen       total 86016K, used 4949K [0x0000000083000000, 0x0000000088400000, 0x00000000d6580000)
  object space 86016K, 5% used [0x0000000083000000,0x00000000834d5548,0x0000000088400000)
 Metaspace       used 15423K, capacity 15672K, committed 15872K, reserved 1062912K
  class space    used 1871K, capacity 1946K, committed 2048K, reserved 1048576K
Event: 1.701 GC heap after
Heap after GC invocations=4 (full 0):
 PSYoungGen      total 70656K, used 5088K [0x00000000d6580000, 0x00000000daf80000, 0x0000000100000000)
  eden space 65536K, 0% used [0x00000000d6580000,0x00000000d6580000,0x00000000da580000)
  from space 5120K, 99% used [0x00000000daa80000,0x00000000daf78040,0x00000000daf80000)
  to   space 5120K, 0% used [0x00000000da580000,0x00000000da580000,0x00000000daa80000)
 ParOldGen       total 86016K, used 6834K [0x0000000083000000, 0x0000000088400000, 0x00000000d6580000)
  object space 86016K, 7% used [0x0000000083000000,0x00000000836ac8d8,0x0000000088400000)
 Metaspace       used 15423K, capacity 15672K, committed 15872K, reserved 1062912K
  class space    used 1871K, capacity 1946K, committed 2048K, reserved 1048576K
}
Event: 2.496 GC heap before
{Heap before GC invocations=5 (full 0):
 PSYoungGen      total 70656K, used 70624K [0x00000000d6580000, 0x00000000daf80000, 0x0000000100000000)
  eden space 65536K, 100% used [0x00000000d6580000,0x00000000da580000,0x00000000da580000)
  from space 5120K, 99% used [0x00000000daa80000,0x00000000daf78040,0x00000000daf80000)
  to   space 5120K, 0% used [0x00000000da580000,0x00000000da580000,0x00000000daa80000)
 ParOldGen       total 86016K, used 6834K [0x0000000083000000, 0x0000000088400000, 0x00000000d6580000)
  object space 86016K, 7% used [0x0000000083000000,0x00000000836ac8d8,0x0000000088400000)
 Metaspace       used 16263K, capacity 16554K, committed 16640K, reserved 1064960K
  class space    used 1919K, capacity 2019K, committed 2048K, reserved 1048576K
Event: 2.504 GC heap after
Heap after GC invocations=5 (full 0):
 PSYoungGen      total 70656K, used 5120K [0x00000000d6580000, 0x00000000df880000, 0x0000000100000000)
  eden space 65536K, 0% used [0x00000000d6580000,0x00000000d6580000,0x00000000da580000)
  from space 5120K, 100% used [0x00000000da580000,0x00000000daa80000,0x00000000daa80000)
  to   space 9728K, 0% used [0x00000000def00000,0x00000000def00000,0x00000000df880000)
 ParOldGen       total 86016K, used 10510K [0x0000000083000000, 0x0000000088400000, 0x00000000d6580000)
  object space 86016K, 12% used [0x0000000083000000,0x0000000083a439b8,0x0000000088400000)
 Metaspace       used 16263K, capacity 16554K, committed 16640K, reserved 1064960K
  class space    used 1919K, capacity 2019K, committed 2048K, reserved 1048576K
}
Event: 3.270 GC heap before
{Heap before GC invocations=6 (full 0):
 PSYoungGen      total 70656K, used 70656K [0x00000000d6580000, 0x00000000df880000, 0x0000000100000000)
  eden space 65536K, 100% used [0x00000000d6580000,0x00000000da580000,0x00000000da580000)
  from space 5120K, 100% used [0x00000000da580000,0x00000000daa80000,0x00000000daa80000)
  to   space 9728K, 0% used [0x00000000def00000,0x00000000def00000,0x00000000df880000)
 ParOldGen       total 86016K, used 10510K [0x0000000083000000, 0x0000000088400000, 0x00000000d6580000)
  object space 86016K, 12% used [0x0000000083000000,0x0000000083a439b8,0x0000000088400000)
 Metaspace       used 18206K, capacity 18666K, committed 18688K, reserved 1064960K
  class space    used 2197K, capacity 2297K, committed 2304K, reserved 1048576K
Event: 3.280 GC heap after
Heap after GC invocations=6 (full 0):
 PSYoungGen      total 139776K, used 9724K [0x00000000d6580000, 0x00000000dfa80000, 0x0000000100000000)
  eden space 130048K, 0% used [0x00000000d6580000,0x00000000d6580000,0x00000000de480000)
  from space 9728K, 99% used [0x00000000def00000,0x00000000df87f2f8,0x00000000df880000)
  to   space 10752K, 0% used [0x00000000de480000,0x00000000de480000,0x00000000def00000)
 ParOldGen       total 86016K, used 10719K [0x0000000083000000, 0x0000000088400000, 0x00000000d6580000)
  object space 86016K, 12% used [0x0000000083000000,0x0000000083a77c58,0x0000000088400000)
 Metaspace       used 18206K, capacity 18666K, committed 18688K, reserved 1064960K
  class space    used 2197K, capacity 2297K, committed 2304K, reserved 1048576K
}
Event: 4.018 GC heap before
{Heap before GC invocations=7 (full 0):
 PSYoungGen      total 139776K, used 43444K [0x00000000d6580000, 0x00000000dfa80000, 0x0000000100000000)
  eden space 130048K, 25% used [0x00000000d6580000,0x00000000d866dda8,0x00000000de480000)
  from space 9728K, 99% used [0x00000000def00000,0x00000000df87f2f8,0x00000000df880000)
  to   space 10752K, 0% used [0x00000000de480000,0x00000000de480000,0x00000000def00000)
 ParOldGen       total 86016K, used 10719K [0x0000000083000000, 0x0000000088400000, 0x00000000d6580000)
  object space 86016K, 12% used [0x0000000083000000,0x0000000083a77c58,0x0000000088400000)
 Metaspace       used 20580K, capacity 21126K, committed 21296K, reserved 1069056K
  class space    used 2475K, capacity 2609K, committed 2688K, reserved 1048576K
Event: 4.028 GC heap after
Heap after GC invocations=7 (full 0):
 PSYoungGen      total 140800K, used 8620K [0x00000000d6580000, 0x00000000e7980000, 0x0000000100000000)
  eden space 130048K, 0% used [0x00000000d6580000,0x00000000d6580000,0x00000000de480000)
  from space 10752K, 80% used [0x00000000de480000,0x00000000deceb190,0x00000000def00000)
  to   space 11264K, 0% used [0x00000000e6e80000,0x00000000e6e80000,0x00000000e7980000)
 ParOldGen       total 86016K, used 12557K [0x0000000083000000, 0x0000000088400000, 0x00000000d6580000)
  object space 86016K, 14% used [0x0000000083000000,0x0000000083c43538,0x0000000088400000)
 Metaspace       used 20580K, capacity 21126K, committed 21296K, reserved 1069056K
  class space    used 2475K, capacity 2609K, committed 2688K, reserved 1048576K
}
Event: 4.028 GC heap before
{Heap before GC invocations=8 (full 1):
 PSYoungGen      total 140800K, used 8620K [0x00000000d6580000, 0x00000000e7980000, 0x0000000100000000)
  eden space 130048K, 0% used [0x00000000d6580000,0x00000000d6580000,0x00000000de480000)
  from space 10752K, 80% used [0x00000000de480000,0x00000000deceb190,0x00000000def00000)
  to   space 11264K, 0% used [0x00000000e6e80000,0x00000000e6e80000,0x00000000e7980000)
 ParOldGen       total 86016K, used 12557K [0x0000000083000000, 0x0000000088400000, 0x00000000d6580000)
  object space 86016K, 14% used [0x0000000083000000,0x0000000083c43538,0x0000000088400000)
 Metaspace       used 20580K, capacity 21126K, committed 21296K, reserved 1069056K
  class space    used 2475K, capacity 2609K, committed 2688K, reserved 1048576K
Event: 4.092 GC heap after
Heap after GC invocations=8 (full 1):
 PSYoungGen      total 140800K, used 0K [0x00000000d6580000, 0x00000000e7980000, 0x0000000100000000)
  eden space 130048K, 0% used [0x00000000d6580000,0x00000000d6580000,0x00000000de480000)
  from space 10752K, 0% used [0x00000000de480000,0x00000000de480000,0x00000000def00000)
  to   space 11264K, 0% used [0x00000000e6e80000,0x00000000e6e80000,0x00000000e7980000)
 ParOldGen       total 71680K, used 15727K [0x0000000083000000, 0x0000000087600000, 0x00000000d6580000)
  object space 71680K, 21% used [0x0000000083000000,0x0000000083f5bc68,0x0000000087600000)
 Metaspace       used 20580K, capacity 21126K, committed 21296K, reserved 1069056K
  class space    used 2475K, capacity 2609K, committed 2688K, reserved 1048576K
}

Deoptimization events (10 events):
Event: 3.626 Thread 0x00000000043ae800 Uncommon trap: reason=class_check action=maybe_recompile pc=0x0000000004e5dd98 method=org.eclipse.sisu.wire.EntryListAdapter$ValueIterator.hasNext()Z @ 4
Event: 3.857 Thread 0x00000000043ae800 Uncommon trap: reason=class_check action=maybe_recompile pc=0x0000000004e5dd98 method=org.eclipse.sisu.wire.EntryListAdapter$ValueIterator.hasNext()Z @ 4
Event: 4.197 Thread 0x00000000043ae800 Uncommon trap: reason=range_check action=make_not_entrant pc=0x0000000005189428 method=java.lang.String.charAt(I)C @ 27
Event: 4.205 Thread 0x00000000043ae800 Uncommon trap: reason=unstable_if action=reinterpret pc=0x00000000052908e0 method=java.util.jar.Manifest$FastInputStream.readLine([BII)I @ 87
Event: 4.228 Thread 0x00000000043ae800 Uncommon trap: reason=unstable_if action=reinterpret pc=0x0000000004e8509c method=java.util.StringTokenizer.setMaxDelimCodePoint()V @ 71
Event: 4.393 Thread 0x00000000043ae800 Uncommon trap: reason=unstable_if action=reinterpret pc=0x000000000506d9d8 method=java.io.WinNTFileSystem.parentOrNull(Ljava/lang/String;)Ljava/lang/String; @ 62
Event: 4.406 Thread 0x00000000043ae800 Uncommon trap: reason=unstable_if action=reinterpret pc=0x000000000498f1c8 method=java.io.WinNTFileSystem.normalize(Ljava/lang/String;II)Ljava/lang/String; @ 90
Event: 4.406 Thread 0x00000000043ae800 Uncommon trap: reason=class_check action=maybe_recompile pc=0x00000000047bf64c method=sun.misc.URLClassPath.getLoader(I)Lsun/misc/URLClassPath$Loader; @ 94
Event: 4.487 Thread 0x00000000043ae800 Uncommon trap: reason=unstable_if action=reinterpret pc=0x00000000051908a4 method=java.lang.CharacterDataLatin1.digit(II)I @ 60
Event: 4.508 Thread 0x00000000043ae800 Uncommon trap: reason=unstable_if action=reinterpret pc=0x00000000053fe04c method=com.sun.tools.javac.util.ArrayUtils.ensureCapacity([CI)[C @ 3

Classes redefined (0 events):
No events

Internal exceptions (10 events):
Event: 4.437 Thread 0x00000000043ae800 Exception <a 'java/security/PrivilegedActionException'> (0x00000000d73c0ed8) thrown at [C:\re\workspace\8-2-build-windows-amd64-cygwin\jdk8u161\10277\hotspot\src\share\vm\prims\jvm.cpp, line 1390]
Event: 4.437 Thread 0x00000000043ae800 Exception <a 'java/security/PrivilegedActionException'> (0x00000000d73c12d0) thrown at [C:\re\workspace\8-2-build-windows-amd64-cygwin\jdk8u161\10277\hotspot\src\share\vm\prims\jvm.cpp, line 1390]
Event: 4.438 Thread 0x00000000043ae800 Exception <a 'java/security/PrivilegedActionException'> (0x00000000d73c2820) thrown at [C:\re\workspace\8-2-build-windows-amd64-cygwin\jdk8u161\10277\hotspot\src\share\vm\prims\jvm.cpp, line 1390]
Event: 4.438 Thread 0x00000000043ae800 Exception <a 'java/security/PrivilegedActionException'> (0x00000000d73c2c18) thrown at [C:\re\workspace\8-2-build-windows-amd64-cygwin\jdk8u161\10277\hotspot\src\share\vm\prims\jvm.cpp, line 1390]
Event: 4.438 Thread 0x00000000043ae800 Exception <a 'java/security/PrivilegedActionException'> (0x00000000d73c41a0) thrown at [C:\re\workspace\8-2-build-windows-amd64-cygwin\jdk8u161\10277\hotspot\src\share\vm\prims\jvm.cpp, line 1390]
Event: 4.438 Thread 0x00000000043ae800 Exception <a 'java/security/PrivilegedActionException'> (0x00000000d73c4598) thrown at [C:\re\workspace\8-2-build-windows-amd64-cygwin\jdk8u161\10277\hotspot\src\share\vm\prims\jvm.cpp, line 1390]
Event: 4.438 Thread 0x00000000043ae800 Exception <a 'java/security/PrivilegedActionException'> (0x00000000d73cb768) thrown at [C:\re\workspace\8-2-build-windows-amd64-cygwin\jdk8u161\10277\hotspot\src\share\vm\prims\jvm.cpp, line 1390]
Event: 4.438 Thread 0x00000000043ae800 Exception <a 'java/security/PrivilegedActionException'> (0x00000000d73cbb60) thrown at [C:\re\workspace\8-2-build-windows-amd64-cygwin\jdk8u161\10277\hotspot\src\share\vm\prims\jvm.cpp, line 1390]
Event: 4.438 Thread 0x00000000043ae800 Exception <a 'java/security/PrivilegedActionException'> (0x00000000d73cd0b0) thrown at [C:\re\workspace\8-2-build-windows-amd64-cygwin\jdk8u161\10277\hotspot\src\share\vm\prims\jvm.cpp, line 1390]
Event: 4.438 Thread 0x00000000043ae800 Exception <a 'java/security/PrivilegedActionException'> (0x00000000d73cd4a8) thrown at [C:\re\workspace\8-2-build-windows-amd64-cygwin\jdk8u161\10277\hotspot\src\share\vm\prims\jvm.cpp, line 1390]

Events (10 events):
Event: 4.487 Thread 0x00000000043ae800 Uncommon trap: trap_request=0xffffff65 fr.pc=0x00000000051908a4
Event: 4.487 Thread 0x00000000043ae800 DEOPT PACKING pc=0x00000000051908a4 sp=0x00000000044acbc0
Event: 4.487 Thread 0x00000000043ae800 DEOPT UNPACKING pc=0x00000000045f583b sp=0x00000000044acb30 mode 2
Event: 4.502 loading class java/util/regex/Pattern$Caret
Event: 4.502 loading class java/util/regex/Pattern$Caret done
Event: 4.502 loading class com/sun/tools/javac/parser/LazyDocCommentTable$Entry
Event: 4.502 loading class com/sun/tools/javac/parser/LazyDocCommentTable$Entry done
Event: 4.508 Thread 0x00000000043ae800 Uncommon trap: trap_request=0xffffff65 fr.pc=0x00000000053fe04c
Event: 4.508 Thread 0x00000000043ae800 DEOPT PACKING pc=0x00000000053fe04c sp=0x00000000044ad8d0
Event: 4.508 Thread 0x00000000043ae800 DEOPT UNPACKING pc=0x00000000045f583b sp=0x00000000044ad808 mode 2


Dynamic libraries:
0x00007ff6aee90000 - 0x00007ff6aeec7000 	C:\Program Files\Java\jdk1.8.0_161\bin\java.exe
0x00007ffefe6d0000 - 0x00007ffefe8b0000 	C:\WINDOWS\SYSTEM32\ntdll.dll
0x00007ffee7220000 - 0x00007ffee7254000 	C:\Program Files\AVAST Software\Avast\x64\aswhooka.dll
0x00007ffefcbb0000 - 0x00007ffefcc5e000 	C:\WINDOWS\System32\KERNEL32.DLL
0x00007ffefb930000 - 0x00007ffefbb96000 	C:\WINDOWS\System32\KERNELBASE.dll
0x00007ffefc430000 - 0x00007ffefc4d1000 	C:\WINDOWS\System32\ADVAPI32.dll
0x00007ffefc310000 - 0x00007ffefc3ad000 	C:\WINDOWS\System32\msvcrt.dll
0x00007ffefcc60000 - 0x00007ffefccbb000 	C:\WINDOWS\System32\sechost.dll
0x00007ffefce20000 - 0x00007ffefcf3f000 	C:\WINDOWS\System32\RPCRT4.dll
0x00007ffefd020000 - 0x00007ffefd1af000 	C:\WINDOWS\System32\USER32.dll
0x00007ffefab20000 - 0x00007ffefab40000 	C:\WINDOWS\System32\win32u.dll
0x00007ffefcdd0000 - 0x00007ffefcdf8000 	C:\WINDOWS\System32\GDI32.dll
0x00007ffefb790000 - 0x00007ffefb923000 	C:\WINDOWS\System32\gdi32full.dll
0x00007ffefb340000 - 0x00007ffefb3db000 	C:\WINDOWS\System32\msvcp_win.dll
0x00007ffefb630000 - 0x00007ffefb726000 	C:\WINDOWS\System32\ucrtbase.dll
0x00007ffee8ec0000 - 0x00007ffee9129000 	C:\WINDOWS\WinSxS\amd64_microsoft.windows.common-controls_6595b64144ccf1df_6.0.16299.309_none_15cfd4c4935e6b11\COMCTL32.dll
0x00007ffefc4e0000 - 0x00007ffefc7e8000 	C:\WINDOWS\System32\combase.dll
0x00007ffefb5b0000 - 0x00007ffefb622000 	C:\WINDOWS\System32\bcryptPrimitives.dll
0x00007ffefe670000 - 0x00007ffefe69d000 	C:\WINDOWS\System32\IMM32.DLL
0x0000000062cc0000 - 0x0000000062d92000 	C:\Program Files\Java\jdk1.8.0_161\jre\bin\msvcr100.dll
0x0000000062420000 - 0x0000000062cbf000 	C:\Program Files\Java\jdk1.8.0_161\jre\bin\server\jvm.dll
0x00007ffefd010000 - 0x00007ffefd018000 	C:\WINDOWS\System32\PSAPI.DLL
0x00007ffee9450000 - 0x00007ffee9459000 	C:\WINDOWS\SYSTEM32\WSOCK32.dll
0x00007ffefc850000 - 0x00007ffefc8bc000 	C:\WINDOWS\System32\WS2_32.dll
0x00007ffef6220000 - 0x00007ffef6243000 	C:\WINDOWS\SYSTEM32\WINMM.dll
0x00007ffeed6b0000 - 0x00007ffeed6ba000 	C:\WINDOWS\SYSTEM32\VERSION.dll
0x00007ffef61d0000 - 0x00007ffef61fa000 	C:\WINDOWS\SYSTEM32\WINMMBASE.dll
0x00007ffefaad0000 - 0x00007ffefab1a000 	C:\WINDOWS\System32\cfgmgr32.dll
0x0000000062410000 - 0x000000006241f000 	C:\Program Files\Java\jdk1.8.0_161\jre\bin\verify.dll
0x00000000623e0000 - 0x0000000062409000 	C:\Program Files\Java\jdk1.8.0_161\jre\bin\java.dll
0x00000000623c0000 - 0x00000000623d6000 	C:\Program Files\Java\jdk1.8.0_161\jre\bin\zip.dll
0x00007ffefd230000 - 0x00007ffefe666000 	C:\WINDOWS\System32\SHELL32.dll
0x00007ffefc8c0000 - 0x00007ffefc966000 	C:\WINDOWS\System32\shcore.dll
0x00007ffefab40000 - 0x00007ffefb287000 	C:\WINDOWS\System32\windows.storage.dll
0x00007ffefbe60000 - 0x00007ffefbeb1000 	C:\WINDOWS\System32\shlwapi.dll
0x00007ffefaa90000 - 0x00007ffefaaa1000 	C:\WINDOWS\System32\kernel.appcore.dll
0x00007ffefaa40000 - 0x00007ffefaa8c000 	C:\WINDOWS\System32\powrprof.dll
0x00007ffefaa20000 - 0x00007ffefaa3b000 	C:\WINDOWS\System32\profapi.dll
0x00007ffef8660000 - 0x00007ffef866a000 	C:\Program Files\Apache\maven\lib\jansi-native\windows64\jansi.dll
0x00000000623a0000 - 0x00000000623ba000 	C:\Program Files\Java\jdk1.8.0_161\jre\bin\net.dll
0x00007ffefa250000 - 0x00007ffefa2b6000 	C:\WINDOWS\system32\mswsock.dll
0x0000000062380000 - 0x0000000062391000 	C:\Program Files\Java\jdk1.8.0_161\jre\bin\nio.dll

VM Arguments:
jvm_args: -Dclassworlds.conf=C:\Program Files\Apache\maven\bin\..\bin\m2.conf -Dmaven.home=C:\Program Files\Apache\maven\bin\.. -Dlibrary.jansi.path=C:\Program Files\Apache\maven\bin\..\lib\jansi-native -Dmaven.multiModuleProjectDirectory=D:\Repositorios\automate\Gestar 
java_command: org.codehaus.plexus.classworlds.launcher.Launcher -B clean install -DskipTests
java_class_path (initial): C:\Program Files\Apache\maven\bin\..\boot\plexus-classworlds-2.5.2.jar
Launcher Type: SUN_STANDARD

Environment Variables:
JAVA_HOME=C:\Program Files\Java\jdk1.8.0_161
PATH=C:\ProgramData\Oracle\Java\javapath;C:\WINDOWS\system32;C:\WINDOWS;C:\WINDOWS\System32\Wbem;C:\WINDOWS\System32\WindowsPowerShell\v1.0\;C:\Program Files\PuTTY\;C:\Program Files (x86)\Skype\Phone\;C:\Program Files\Java\jdk1.8.0_161\bin;c:\Program Files (x86)\Microsoft SQL Server\100\Tools\Binn\VSShell\Common7\IDE\;c:\Program Files (x86)\Microsoft SQL Server\100\Tools\Binn\;c:\Program Files\Microsoft SQL Server\100\Tools\Binn\;c:\Program Files (x86)\Microsoft SQL Server\100\DTS\Binn\;C:\Users\rcrespillo\.dnx\bin;C:\Program Files\Microsoft DNX\Dnvm\;C:\Program Files\Microsoft SQL Server\120\Tools\Binn\;C:\Program Files\TortoiseSVN\bin;C:\Program Files\Microsoft SQL Server\130\Tools\Binn\;C:\Program Files\Apache\maven\bin;C:\Program Files\Apache\maven\bin;C:\Users\rcrespillo\AppData\Local\Microsoft\WindowsApps;
USERNAME=rcrespillo
OS=Windows_NT
PROCESSOR_IDENTIFIER=Intel64 Family 6 Model 58 Stepping 9, GenuineIntel



---------------  S Y S T E M  ---------------

OS: Windows 10.0 , 64 bit Build 16299 (10.0.16299.15)

CPU:total 8 (initial active 8) (4 cores per cpu, 2 threads per core) family 6 model 58 stepping 9, cmov, cx8, fxsr, mmx, sse, sse2, sse3, ssse3, sse4.1, sse4.2, popcnt, avx, aes, clmul, erms, ht, tsc, tscinvbit, tscinv

Memory: 4k page, physical 8189904k(1133364k free), swap 8189904k(3308k free)

vm_info: Java HotSpot(TM) 64-Bit Server VM (25.161-b12) for windows-amd64 JRE (1.8.0_161-b12), built on Dec 19 2017 17:52:25 by "java_re" with MS VC++ 10.0 (VS2010)

time: Mon Mar 19 16:36:34 2018
elapsed time: 4 seconds (0d 0h 0m 4s)

